{"C:\\Users\\Gamer\\IdeaProjects\\Nueva carpeta\\StockSync-Ecommerce\\frontend\\src\\api\\auth.js": {"path":"C:\\Users\\Gamer\\IdeaProjects\\Nueva carpeta\\StockSync-Ecommerce\\frontend\\src\\api\\auth.js","statementMap":{"0":{"start":{"line":4,"column":2},"end":{"line":4,"column":51}},"1":{"start":{"line":8,"column":2},"end":{"line":8,"column":62}},"2":{"start":{"line":12,"column":2},"end":{"line":12,"column":76}},"3":{"start":{"line":16,"column":2},"end":{"line":16,"column":51}},"4":{"start":{"line":20,"column":2},"end":{"line":20,"column":63}},"5":{"start":{"line":23,"column":27},"end":{"line":29,"column":null}}},"fnMap":{"0":{"name":"login","decl":{"start":{"line":3,"column":16},"end":{"line":3,"column":21}},"loc":{"start":{"line":3,"column":39},"end":{"line":5,"column":1}},"line":3},"1":{"name":"register","decl":{"start":{"line":7,"column":16},"end":{"line":7,"column":24}},"loc":{"start":{"line":7,"column":50},"end":{"line":9,"column":1}},"line":7},"2":{"name":"changePassword","decl":{"start":{"line":11,"column":16},"end":{"line":11,"column":30}},"loc":{"start":{"line":11,"column":57},"end":{"line":13,"column":1}},"line":11},"3":{"name":"forgotPassword","decl":{"start":{"line":15,"column":16},"end":{"line":15,"column":30}},"loc":{"start":{"line":15,"column":38},"end":{"line":17,"column":1}},"line":15},"4":{"name":"resetPassword","decl":{"start":{"line":19,"column":16},"end":{"line":19,"column":29}},"loc":{"start":{"line":19,"column":50},"end":{"line":21,"column":1}},"line":19}},"branchMap":{},"s":{"0":0,"1":0,"2":0,"3":0,"4":0,"5":2},"f":{"0":0,"1":0,"2":0,"3":0,"4":0},"b":{},"meta":{"lastBranch":0,"lastFunction":5,"lastStatement":6,"seen":{"f:3:16:3:21":0,"s:4:2:4:51":0,"f:7:16:7:24":1,"s:8:2:8:62":1,"f:11:16:11:30":2,"s:12:2:12:76":2,"f:15:16:15:30":3,"s:16:2:16:51":3,"f:19:16:19:29":4,"s:20:2:20:63":4,"s:23:27:29:Infinity":5},"fnNames":{}}}
,"C:\\Users\\Gamer\\IdeaProjects\\Nueva carpeta\\StockSync-Ecommerce\\frontend\\src\\api\\client.js": {"path":"C:\\Users\\Gamer\\IdeaProjects\\Nueva carpeta\\StockSync-Ecommerce\\frontend\\src\\api\\client.js","statementMap":{"0":{"start":{"line":5,"column":15},"end":{"line":11,"column":2}},"1":{"start":{"line":13,"column":0},"end":{"line":19,"column":2}},"2":{"start":{"line":14,"column":16},"end":{"line":14,"column":43}},"3":{"start":{"line":15,"column":2},"end":{"line":17,"column":3}},"4":{"start":{"line":16,"column":4},"end":{"line":16,"column":52}},"5":{"start":{"line":18,"column":2},"end":{"line":18,"column":15}},"6":{"start":{"line":21,"column":0},"end":{"line":32,"column":1}},"7":{"start":{"line":22,"column":16},"end":{"line":22,"column":24}},"8":{"start":{"line":24,"column":4},"end":{"line":29,"column":5}},"9":{"start":{"line":25,"column":6},"end":{"line":25,"column":36}},"10":{"start":{"line":26,"column":18},"end":{"line":26,"column":33}},"11":{"start":{"line":27,"column":6},"end":{"line":27,"column":18}},"12":{"start":{"line":28,"column":6},"end":{"line":28,"column":27}},"13":{"start":{"line":30,"column":4},"end":{"line":30,"column":32}}},"fnMap":{"0":{"name":"(anonymous_0)","decl":{"start":{"line":13,"column":32},"end":{"line":13,"column":33}},"loc":{"start":{"line":13,"column":44},"end":{"line":19,"column":1}},"line":13},"1":{"name":"(anonymous_1)","decl":{"start":{"line":22,"column":2},"end":{"line":22,"column":3}},"loc":{"start":{"line":22,"column":16},"end":{"line":22,"column":24}},"line":22},"2":{"name":"(anonymous_2)","decl":{"start":{"line":23,"column":2},"end":{"line":23,"column":3}},"loc":{"start":{"line":23,"column":13},"end":{"line":31,"column":3}},"line":23}},"branchMap":{"0":{"loc":{"start":{"line":15,"column":2},"end":{"line":17,"column":3}},"type":"if","locations":[{"start":{"line":15,"column":2},"end":{"line":17,"column":3}},{"start":{},"end":{}}],"line":15},"1":{"loc":{"start":{"line":24,"column":4},"end":{"line":29,"column":5}},"type":"if","locations":[{"start":{"line":24,"column":4},"end":{"line":29,"column":5}},{"start":{},"end":{}}],"line":24}},"s":{"0":2,"1":2,"2":0,"3":0,"4":0,"5":0,"6":2,"7":0,"8":0,"9":0,"10":0,"11":0,"12":0,"13":0},"f":{"0":0,"1":0,"2":0},"b":{"0":[0,0],"1":[0,0]},"meta":{"lastBranch":2,"lastFunction":3,"lastStatement":14,"seen":{"s:5:15:11:2":0,"s:13:0:19:2":1,"f:13:32:13:33":0,"s:14:16:14:43":2,"b:15:2:17:3:undefined:undefined:undefined:undefined":0,"s:15:2:17:3":3,"s:16:4:16:52":4,"s:18:2:18:15":5,"s:21:0:32:1":6,"f:22:2:22:3":1,"s:22:16:22:24":7,"f:23:2:23:3":2,"b:24:4:29:5:undefined:undefined:undefined:undefined":1,"s:24:4:29:5":8,"s:25:6:25:36":9,"s:26:18:26:33":10,"s:27:6:27:18":11,"s:28:6:28:27":12,"s:30:4:30:32":13},"fnNames":{}}}
,"C:\\Users\\Gamer\\IdeaProjects\\Nueva carpeta\\StockSync-Ecommerce\\frontend\\src\\api\\stock.js": {"path":"C:\\Users\\Gamer\\IdeaProjects\\Nueva carpeta\\StockSync-Ecommerce\\frontend\\src\\api\\stock.js","statementMap":{"0":{"start":{"line":4,"column":2},"end":{"line":4,"column":33}},"1":{"start":{"line":8,"column":2},"end":{"line":8,"column":58}},"2":{"start":{"line":12,"column":2},"end":{"line":12,"column":54}},"3":{"start":{"line":16,"column":2},"end":{"line":16,"column":78}},"4":{"start":{"line":20,"column":2},"end":{"line":20,"column":44}},"5":{"start":{"line":24,"column":2},"end":{"line":24,"column":46}},"6":{"start":{"line":28,"column":2},"end":{"line":28,"column":49}},"7":{"start":{"line":32,"column":2},"end":{"line":32,"column":42}},"8":{"start":{"line":36,"column":2},"end":{"line":36,"column":45}}},"fnMap":{"0":{"name":"getStocks","decl":{"start":{"line":3,"column":16},"end":{"line":3,"column":25}},"loc":{"start":{"line":3,"column":28},"end":{"line":5,"column":1}},"line":3},"1":{"name":"getStocksByWarehouse","decl":{"start":{"line":7,"column":16},"end":{"line":7,"column":36}},"loc":{"start":{"line":7,"column":50},"end":{"line":9,"column":1}},"line":7},"2":{"name":"getStocksByProduct","decl":{"start":{"line":11,"column":16},"end":{"line":11,"column":34}},"loc":{"start":{"line":11,"column":46},"end":{"line":13,"column":1}},"line":11},"3":{"name":"getMovements","decl":{"start":{"line":15,"column":16},"end":{"line":15,"column":28}},"loc":{"start":{"line":15,"column":48},"end":{"line":17,"column":1}},"line":15},"4":{"name":"addStock","decl":{"start":{"line":19,"column":16},"end":{"line":19,"column":24}},"loc":{"start":{"line":19,"column":31},"end":{"line":21,"column":1}},"line":19},"5":{"name":"updateStock","decl":{"start":{"line":23,"column":16},"end":{"line":23,"column":27}},"loc":{"start":{"line":23,"column":34},"end":{"line":25,"column":1}},"line":23},"6":{"name":"transferStock","decl":{"start":{"line":27,"column":16},"end":{"line":27,"column":29}},"loc":{"start":{"line":27,"column":36},"end":{"line":29,"column":1}},"line":27},"7":{"name":"deleteStock","decl":{"start":{"line":31,"column":16},"end":{"line":31,"column":27}},"loc":{"start":{"line":31,"column":32},"end":{"line":33,"column":1}},"line":31},"8":{"name":"processSale","decl":{"start":{"line":35,"column":16},"end":{"line":35,"column":27}},"loc":{"start":{"line":35,"column":34},"end":{"line":37,"column":1}},"line":35}},"branchMap":{},"s":{"0":0,"1":0,"2":0,"3":0,"4":0,"5":0,"6":0,"7":0,"8":0},"f":{"0":0,"1":0,"2":0,"3":0,"4":0,"5":0,"6":0,"7":0,"8":0},"b":{},"meta":{"lastBranch":0,"lastFunction":9,"lastStatement":9,"seen":{"f:3:16:3:25":0,"s:4:2:4:33":0,"f:7:16:7:36":1,"s:8:2:8:58":1,"f:11:16:11:34":2,"s:12:2:12:54":2,"f:15:16:15:28":3,"s:16:2:16:78":3,"f:19:16:19:24":4,"s:20:2:20:44":4,"f:23:16:23:27":5,"s:24:2:24:46":5,"f:27:16:27:29":6,"s:28:2:28:49":6,"f:31:16:31:27":7,"s:32:2:32:42":7,"f:35:16:35:27":8,"s:36:2:36:45":8},"fnNames":{}}}
,"C:\\Users\\Gamer\\IdeaProjects\\Nueva carpeta\\StockSync-Ecommerce\\frontend\\src\\router\\index.js": {"path":"C:\\Users\\Gamer\\IdeaProjects\\Nueva carpeta\\StockSync-Ecommerce\\frontend\\src\\router\\index.js","statementMap":{"0":{"start":{"line":4,"column":15},"end":{"line":196,"column":1}},"1":{"start":{"line":8,"column":21},"end":{"line":8,"column":60}},"2":{"start":{"line":13,"column":21},"end":{"line":13,"column":62}},"3":{"start":{"line":19,"column":21},"end":{"line":19,"column":60}},"4":{"start":{"line":25,"column":21},"end":{"line":25,"column":56}},"5":{"start":{"line":30,"column":21},"end":{"line":30,"column":59}},"6":{"start":{"line":35,"column":21},"end":{"line":35,"column":65}},"7":{"start":{"line":40,"column":21},"end":{"line":40,"column":64}},"8":{"start":{"line":45,"column":21},"end":{"line":45,"column":65}},"9":{"start":{"line":50,"column":21},"end":{"line":50,"column":62}},"10":{"start":{"line":57,"column":25},"end":{"line":57,"column":70}},"11":{"start":{"line":61,"column":25},"end":{"line":61,"column":67}},"12":{"start":{"line":65,"column":25},"end":{"line":65,"column":71}},"13":{"start":{"line":69,"column":25},"end":{"line":69,"column":70}},"14":{"start":{"line":73,"column":25},"end":{"line":73,"column":72}},"15":{"start":{"line":77,"column":25},"end":{"line":77,"column":70}},"16":{"start":{"line":83,"column":21},"end":{"line":83,"column":63}},"17":{"start":{"line":89,"column":25},"end":{"line":89,"column":72}},"18":{"start":{"line":93,"column":25},"end":{"line":93,"column":74}},"19":{"start":{"line":97,"column":25},"end":{"line":97,"column":73}},"20":{"start":{"line":101,"column":25},"end":{"line":101,"column":71}},"21":{"start":{"line":105,"column":25},"end":{"line":105,"column":72}},"22":{"start":{"line":111,"column":21},"end":{"line":111,"column":62}},"23":{"start":{"line":117,"column":25},"end":{"line":117,"column":65}},"24":{"start":{"line":122,"column":25},"end":{"line":122,"column":67}},"25":{"start":{"line":127,"column":25},"end":{"line":127,"column":67}},"26":{"start":{"line":132,"column":25},"end":{"line":132,"column":67}},"27":{"start":{"line":137,"column":25},"end":{"line":137,"column":69}},"28":{"start":{"line":142,"column":25},"end":{"line":142,"column":69}},"29":{"start":{"line":147,"column":25},"end":{"line":147,"column":69}},"30":{"start":{"line":152,"column":25},"end":{"line":152,"column":65}},"31":{"start":{"line":157,"column":25},"end":{"line":157,"column":65}},"32":{"start":{"line":162,"column":25},"end":{"line":162,"column":65}},"33":{"start":{"line":167,"column":25},"end":{"line":167,"column":70}},"34":{"start":{"line":172,"column":25},"end":{"line":172,"column":76}},"35":{"start":{"line":177,"column":25},"end":{"line":177,"column":72}},"36":{"start":{"line":182,"column":25},"end":{"line":182,"column":71}},"37":{"start":{"line":187,"column":25},"end":{"line":187,"column":71}},"38":{"start":{"line":192,"column":25},"end":{"line":192,"column":71}},"39":{"start":{"line":198,"column":14},"end":{"line":201,"column":2}},"40":{"start":{"line":203,"column":0},"end":{"line":246,"column":2}},"41":{"start":{"line":204,"column":14},"end":{"line":204,"column":29}},"42":{"start":{"line":206,"column":2},"end":{"line":209,"column":3}},"43":{"start":{"line":207,"column":4},"end":{"line":207,"column":18}},"44":{"start":{"line":208,"column":4},"end":{"line":208,"column":10}},"45":{"start":{"line":211,"column":2},"end":{"line":217,"column":3}},"46":{"start":{"line":212,"column":4},"end":{"line":215,"column":18}},"47":{"start":{"line":212,"column":22},"end":{"line":212,"column":36}},"48":{"start":{"line":213,"column":9},"end":{"line":215,"column":18}},"49":{"start":{"line":213,"column":28},"end":{"line":213,"column":43}},"50":{"start":{"line":214,"column":9},"end":{"line":215,"column":18}},"51":{"start":{"line":214,"column":27},"end":{"line":214,"column":41}},"52":{"start":{"line":215,"column":9},"end":{"line":215,"column":18}},"53":{"start":{"line":216,"column":4},"end":{"line":216,"column":10}},"54":{"start":{"line":219,"column":2},"end":{"line":222,"column":3}},"55":{"start":{"line":220,"column":4},"end":{"line":220,"column":28}},"56":{"start":{"line":221,"column":4},"end":{"line":221,"column":10}},"57":{"start":{"line":224,"column":2},"end":{"line":229,"column":3}},"58":{"start":{"line":225,"column":4},"end":{"line":227,"column":18}},"59":{"start":{"line":225,"column":23},"end":{"line":225,"column":38}},"60":{"start":{"line":226,"column":9},"end":{"line":227,"column":18}},"61":{"start":{"line":226,"column":27},"end":{"line":226,"column":41}},"62":{"start":{"line":227,"column":9},"end":{"line":227,"column":18}},"63":{"start":{"line":228,"column":4},"end":{"line":228,"column":10}},"64":{"start":{"line":231,"column":2},"end":{"line":236,"column":3}},"65":{"start":{"line":232,"column":4},"end":{"line":234,"column":18}},"66":{"start":{"line":232,"column":22},"end":{"line":232,"column":36}},"67":{"start":{"line":233,"column":9},"end":{"line":234,"column":18}},"68":{"start":{"line":233,"column":27},"end":{"line":233,"column":41}},"69":{"start":{"line":234,"column":9},"end":{"line":234,"column":18}},"70":{"start":{"line":235,"column":4},"end":{"line":235,"column":10}},"71":{"start":{"line":238,"column":2},"end":{"line":243,"column":3}},"72":{"start":{"line":239,"column":4},"end":{"line":241,"column":18}},"73":{"start":{"line":239,"column":23},"end":{"line":239,"column":38}},"74":{"start":{"line":240,"column":9},"end":{"line":241,"column":18}},"75":{"start":{"line":240,"column":27},"end":{"line":240,"column":41}},"76":{"start":{"line":241,"column":9},"end":{"line":241,"column":18}},"77":{"start":{"line":242,"column":4},"end":{"line":242,"column":10}},"78":{"start":{"line":245,"column":2},"end":{"line":245,"column":8}}},"fnMap":{"0":{"name":"(anonymous_0)","decl":{"start":{"line":8,"column":15},"end":{"line":8,"column":16}},"loc":{"start":{"line":8,"column":21},"end":{"line":8,"column":60}},"line":8},"1":{"name":"(anonymous_1)","decl":{"start":{"line":13,"column":15},"end":{"line":13,"column":16}},"loc":{"start":{"line":13,"column":21},"end":{"line":13,"column":62}},"line":13},"2":{"name":"(anonymous_2)","decl":{"start":{"line":19,"column":15},"end":{"line":19,"column":16}},"loc":{"start":{"line":19,"column":21},"end":{"line":19,"column":60}},"line":19},"3":{"name":"(anonymous_3)","decl":{"start":{"line":25,"column":15},"end":{"line":25,"column":16}},"loc":{"start":{"line":25,"column":21},"end":{"line":25,"column":56}},"line":25},"4":{"name":"(anonymous_4)","decl":{"start":{"line":30,"column":15},"end":{"line":30,"column":16}},"loc":{"start":{"line":30,"column":21},"end":{"line":30,"column":59}},"line":30},"5":{"name":"(anonymous_5)","decl":{"start":{"line":35,"column":15},"end":{"line":35,"column":16}},"loc":{"start":{"line":35,"column":21},"end":{"line":35,"column":65}},"line":35},"6":{"name":"(anonymous_6)","decl":{"start":{"line":40,"column":15},"end":{"line":40,"column":16}},"loc":{"start":{"line":40,"column":21},"end":{"line":40,"column":64}},"line":40},"7":{"name":"(anonymous_7)","decl":{"start":{"line":45,"column":15},"end":{"line":45,"column":16}},"loc":{"start":{"line":45,"column":21},"end":{"line":45,"column":65}},"line":45},"8":{"name":"(anonymous_8)","decl":{"start":{"line":50,"column":15},"end":{"line":50,"column":16}},"loc":{"start":{"line":50,"column":21},"end":{"line":50,"column":62}},"line":50},"9":{"name":"(anonymous_9)","decl":{"start":{"line":57,"column":19},"end":{"line":57,"column":20}},"loc":{"start":{"line":57,"column":25},"end":{"line":57,"column":70}},"line":57},"10":{"name":"(anonymous_10)","decl":{"start":{"line":61,"column":19},"end":{"line":61,"column":20}},"loc":{"start":{"line":61,"column":25},"end":{"line":61,"column":67}},"line":61},"11":{"name":"(anonymous_11)","decl":{"start":{"line":65,"column":19},"end":{"line":65,"column":20}},"loc":{"start":{"line":65,"column":25},"end":{"line":65,"column":71}},"line":65},"12":{"name":"(anonymous_12)","decl":{"start":{"line":69,"column":19},"end":{"line":69,"column":20}},"loc":{"start":{"line":69,"column":25},"end":{"line":69,"column":70}},"line":69},"13":{"name":"(anonymous_13)","decl":{"start":{"line":73,"column":19},"end":{"line":73,"column":20}},"loc":{"start":{"line":73,"column":25},"end":{"line":73,"column":72}},"line":73},"14":{"name":"(anonymous_14)","decl":{"start":{"line":77,"column":19},"end":{"line":77,"column":20}},"loc":{"start":{"line":77,"column":25},"end":{"line":77,"column":70}},"line":77},"15":{"name":"(anonymous_15)","decl":{"start":{"line":83,"column":15},"end":{"line":83,"column":16}},"loc":{"start":{"line":83,"column":21},"end":{"line":83,"column":63}},"line":83},"16":{"name":"(anonymous_16)","decl":{"start":{"line":89,"column":19},"end":{"line":89,"column":20}},"loc":{"start":{"line":89,"column":25},"end":{"line":89,"column":72}},"line":89},"17":{"name":"(anonymous_17)","decl":{"start":{"line":93,"column":19},"end":{"line":93,"column":20}},"loc":{"start":{"line":93,"column":25},"end":{"line":93,"column":74}},"line":93},"18":{"name":"(anonymous_18)","decl":{"start":{"line":97,"column":19},"end":{"line":97,"column":20}},"loc":{"start":{"line":97,"column":25},"end":{"line":97,"column":73}},"line":97},"19":{"name":"(anonymous_19)","decl":{"start":{"line":101,"column":19},"end":{"line":101,"column":20}},"loc":{"start":{"line":101,"column":25},"end":{"line":101,"column":71}},"line":101},"20":{"name":"(anonymous_20)","decl":{"start":{"line":105,"column":19},"end":{"line":105,"column":20}},"loc":{"start":{"line":105,"column":25},"end":{"line":105,"column":72}},"line":105},"21":{"name":"(anonymous_21)","decl":{"start":{"line":111,"column":15},"end":{"line":111,"column":16}},"loc":{"start":{"line":111,"column":21},"end":{"line":111,"column":62}},"line":111},"22":{"name":"(anonymous_22)","decl":{"start":{"line":117,"column":19},"end":{"line":117,"column":20}},"loc":{"start":{"line":117,"column":25},"end":{"line":117,"column":65}},"line":117},"23":{"name":"(anonymous_23)","decl":{"start":{"line":122,"column":19},"end":{"line":122,"column":20}},"loc":{"start":{"line":122,"column":25},"end":{"line":122,"column":67}},"line":122},"24":{"name":"(anonymous_24)","decl":{"start":{"line":127,"column":19},"end":{"line":127,"column":20}},"loc":{"start":{"line":127,"column":25},"end":{"line":127,"column":67}},"line":127},"25":{"name":"(anonymous_25)","decl":{"start":{"line":132,"column":19},"end":{"line":132,"column":20}},"loc":{"start":{"line":132,"column":25},"end":{"line":132,"column":67}},"line":132},"26":{"name":"(anonymous_26)","decl":{"start":{"line":137,"column":19},"end":{"line":137,"column":20}},"loc":{"start":{"line":137,"column":25},"end":{"line":137,"column":69}},"line":137},"27":{"name":"(anonymous_27)","decl":{"start":{"line":142,"column":19},"end":{"line":142,"column":20}},"loc":{"start":{"line":142,"column":25},"end":{"line":142,"column":69}},"line":142},"28":{"name":"(anonymous_28)","decl":{"start":{"line":147,"column":19},"end":{"line":147,"column":20}},"loc":{"start":{"line":147,"column":25},"end":{"line":147,"column":69}},"line":147},"29":{"name":"(anonymous_29)","decl":{"start":{"line":152,"column":19},"end":{"line":152,"column":20}},"loc":{"start":{"line":152,"column":25},"end":{"line":152,"column":65}},"line":152},"30":{"name":"(anonymous_30)","decl":{"start":{"line":157,"column":19},"end":{"line":157,"column":20}},"loc":{"start":{"line":157,"column":25},"end":{"line":157,"column":65}},"line":157},"31":{"name":"(anonymous_31)","decl":{"start":{"line":162,"column":19},"end":{"line":162,"column":20}},"loc":{"start":{"line":162,"column":25},"end":{"line":162,"column":65}},"line":162},"32":{"name":"(anonymous_32)","decl":{"start":{"line":167,"column":19},"end":{"line":167,"column":20}},"loc":{"start":{"line":167,"column":25},"end":{"line":167,"column":70}},"line":167},"33":{"name":"(anonymous_33)","decl":{"start":{"line":172,"column":19},"end":{"line":172,"column":20}},"loc":{"start":{"line":172,"column":25},"end":{"line":172,"column":76}},"line":172},"34":{"name":"(anonymous_34)","decl":{"start":{"line":177,"column":19},"end":{"line":177,"column":20}},"loc":{"start":{"line":177,"column":25},"end":{"line":177,"column":72}},"line":177},"35":{"name":"(anonymous_35)","decl":{"start":{"line":182,"column":19},"end":{"line":182,"column":20}},"loc":{"start":{"line":182,"column":25},"end":{"line":182,"column":71}},"line":182},"36":{"name":"(anonymous_36)","decl":{"start":{"line":187,"column":19},"end":{"line":187,"column":20}},"loc":{"start":{"line":187,"column":25},"end":{"line":187,"column":71}},"line":187},"37":{"name":"(anonymous_37)","decl":{"start":{"line":192,"column":19},"end":{"line":192,"column":20}},"loc":{"start":{"line":192,"column":25},"end":{"line":192,"column":71}},"line":192},"38":{"name":"(anonymous_38)","decl":{"start":{"line":203,"column":18},"end":{"line":203,"column":19}},"loc":{"start":{"line":203,"column":38},"end":{"line":246,"column":1}},"line":203}},"branchMap":{"0":{"loc":{"start":{"line":206,"column":2},"end":{"line":209,"column":3}},"type":"if","locations":[{"start":{"line":206,"column":2},"end":{"line":209,"column":3}},{"start":{},"end":{}}],"line":206},"1":{"loc":{"start":{"line":206,"column":6},"end":{"line":206,"column":51}},"type":"binary-expr","locations":[{"start":{"line":206,"column":6},"end":{"line":206,"column":26}},{"start":{"line":206,"column":30},"end":{"line":206,"column":51}}],"line":206},"2":{"loc":{"start":{"line":211,"column":2},"end":{"line":217,"column":3}},"type":"if","locations":[{"start":{"line":211,"column":2},"end":{"line":217,"column":3}},{"start":{},"end":{}}],"line":211},"3":{"loc":{"start":{"line":211,"column":6},"end":{"line":211,"column":50}},"type":"binary-expr","locations":[{"start":{"line":211,"column":6},"end":{"line":211,"column":26}},{"start":{"line":211,"column":30},"end":{"line":211,"column":50}}],"line":211},"4":{"loc":{"start":{"line":212,"column":4},"end":{"line":215,"column":18}},"type":"if","locations":[{"start":{"line":212,"column":4},"end":{"line":215,"column":18}},{"start":{"line":213,"column":9},"end":{"line":215,"column":18}}],"line":212},"5":{"loc":{"start":{"line":213,"column":9},"end":{"line":215,"column":18}},"type":"if","locations":[{"start":{"line":213,"column":9},"end":{"line":215,"column":18}},{"start":{"line":214,"column":9},"end":{"line":215,"column":18}}],"line":213},"6":{"loc":{"start":{"line":214,"column":9},"end":{"line":215,"column":18}},"type":"if","locations":[{"start":{"line":214,"column":9},"end":{"line":215,"column":18}},{"start":{"line":215,"column":9},"end":{"line":215,"column":18}}],"line":214},"7":{"loc":{"start":{"line":219,"column":2},"end":{"line":222,"column":3}},"type":"if","locations":[{"start":{"line":219,"column":2},"end":{"line":222,"column":3}},{"start":{},"end":{}}],"line":219},"8":{"loc":{"start":{"line":219,"column":6},"end":{"line":219,"column":85}},"type":"binary-expr","locations":[{"start":{"line":219,"column":6},"end":{"line":219,"column":26}},{"start":{"line":219,"column":30},"end":{"line":219,"column":53}},{"start":{"line":219,"column":57},"end":{"line":219,"column":85}}],"line":219},"9":{"loc":{"start":{"line":224,"column":2},"end":{"line":229,"column":3}},"type":"if","locations":[{"start":{"line":224,"column":2},"end":{"line":229,"column":3}},{"start":{},"end":{}}],"line":224},"10":{"loc":{"start":{"line":224,"column":6},"end":{"line":224,"column":51}},"type":"binary-expr","locations":[{"start":{"line":224,"column":6},"end":{"line":224,"column":34}},{"start":{"line":224,"column":38},"end":{"line":224,"column":51}}],"line":224},"11":{"loc":{"start":{"line":225,"column":4},"end":{"line":227,"column":18}},"type":"if","locations":[{"start":{"line":225,"column":4},"end":{"line":227,"column":18}},{"start":{"line":226,"column":9},"end":{"line":227,"column":18}}],"line":225},"12":{"loc":{"start":{"line":226,"column":9},"end":{"line":227,"column":18}},"type":"if","locations":[{"start":{"line":226,"column":9},"end":{"line":227,"column":18}},{"start":{"line":227,"column":9},"end":{"line":227,"column":18}}],"line":226},"13":{"loc":{"start":{"line":231,"column":2},"end":{"line":236,"column":3}},"type":"if","locations":[{"start":{"line":231,"column":2},"end":{"line":236,"column":3}},{"start":{},"end":{}}],"line":231},"14":{"loc":{"start":{"line":231,"column":6},"end":{"line":231,"column":70}},"type":"binary-expr","locations":[{"start":{"line":231,"column":6},"end":{"line":231,"column":35}},{"start":{"line":231,"column":39},"end":{"line":231,"column":52}},{"start":{"line":231,"column":56},"end":{"line":231,"column":70}}],"line":231},"15":{"loc":{"start":{"line":232,"column":4},"end":{"line":234,"column":18}},"type":"if","locations":[{"start":{"line":232,"column":4},"end":{"line":234,"column":18}},{"start":{"line":233,"column":9},"end":{"line":234,"column":18}}],"line":232},"16":{"loc":{"start":{"line":233,"column":9},"end":{"line":234,"column":18}},"type":"if","locations":[{"start":{"line":233,"column":9},"end":{"line":234,"column":18}},{"start":{"line":234,"column":9},"end":{"line":234,"column":18}}],"line":233},"17":{"loc":{"start":{"line":238,"column":2},"end":{"line":243,"column":3}},"type":"if","locations":[{"start":{"line":238,"column":2},"end":{"line":243,"column":3}},{"start":{},"end":{}}],"line":238},"18":{"loc":{"start":{"line":238,"column":6},"end":{"line":238,"column":68}},"type":"binary-expr","locations":[{"start":{"line":238,"column":6},"end":{"line":238,"column":34}},{"start":{"line":238,"column":38},"end":{"line":238,"column":51}},{"start":{"line":238,"column":55},"end":{"line":238,"column":68}}],"line":238},"19":{"loc":{"start":{"line":239,"column":4},"end":{"line":241,"column":18}},"type":"if","locations":[{"start":{"line":239,"column":4},"end":{"line":241,"column":18}},{"start":{"line":240,"column":9},"end":{"line":241,"column":18}}],"line":239},"20":{"loc":{"start":{"line":240,"column":9},"end":{"line":241,"column":18}},"type":"if","locations":[{"start":{"line":240,"column":9},"end":{"line":241,"column":18}},{"start":{"line":241,"column":9},"end":{"line":241,"column":18}}],"line":240}},"s":{"0":2,"1":0,"2":0,"3":0,"4":0,"5":0,"6":0,"7":0,"8":0,"9":0,"10":0,"11":0,"12":0,"13":0,"14":0,"15":0,"16":0,"17":0,"18":0,"19":0,"20":0,"21":0,"22":0,"23":0,"24":0,"25":0,"26":0,"27":0,"28":0,"29":0,"30":0,"31":0,"32":0,"33":0,"34":0,"35":0,"36":0,"37":0,"38":0,"39":2,"40":2,"41":0,"42":0,"43":0,"44":0,"45":0,"46":0,"47":0,"48":0,"49":0,"50":0,"51":0,"52":0,"53":0,"54":0,"55":0,"56":0,"57":0,"58":0,"59":0,"60":0,"61":0,"62":0,"63":0,"64":0,"65":0,"66":0,"67":0,"68":0,"69":0,"70":0,"71":0,"72":0,"73":0,"74":0,"75":0,"76":0,"77":0,"78":0},"f":{"0":0,"1":0,"2":0,"3":0,"4":0,"5":0,"6":0,"7":0,"8":0,"9":0,"10":0,"11":0,"12":0,"13":0,"14":0,"15":0,"16":0,"17":0,"18":0,"19":0,"20":0,"21":0,"22":0,"23":0,"24":0,"25":0,"26":0,"27":0,"28":0,"29":0,"30":0,"31":0,"32":0,"33":0,"34":0,"35":0,"36":0,"37":0,"38":0},"b":{"0":[0,0],"1":[0,0],"2":[0,0],"3":[0,0],"4":[0,0],"5":[0,0],"6":[0,0],"7":[0,0],"8":[0,0,0],"9":[0,0],"10":[0,0],"11":[0,0],"12":[0,0],"13":[0,0],"14":[0,0,0],"15":[0,0],"16":[0,0],"17":[0,0],"18":[0,0,0],"19":[0,0],"20":[0,0]},"meta":{"lastBranch":21,"lastFunction":39,"lastStatement":79,"seen":{"s:4:15:196:1":0,"f:8:15:8:16":0,"s:8:21:8:60":1,"f:13:15:13:16":1,"s:13:21:13:62":2,"f:19:15:19:16":2,"s:19:21:19:60":3,"f:25:15:25:16":3,"s:25:21:25:56":4,"f:30:15:30:16":4,"s:30:21:30:59":5,"f:35:15:35:16":5,"s:35:21:35:65":6,"f:40:15:40:16":6,"s:40:21:40:64":7,"f:45:15:45:16":7,"s:45:21:45:65":8,"f:50:15:50:16":8,"s:50:21:50:62":9,"f:57:19:57:20":9,"s:57:25:57:70":10,"f:61:19:61:20":10,"s:61:25:61:67":11,"f:65:19:65:20":11,"s:65:25:65:71":12,"f:69:19:69:20":12,"s:69:25:69:70":13,"f:73:19:73:20":13,"s:73:25:73:72":14,"f:77:19:77:20":14,"s:77:25:77:70":15,"f:83:15:83:16":15,"s:83:21:83:63":16,"f:89:19:89:20":16,"s:89:25:89:72":17,"f:93:19:93:20":17,"s:93:25:93:74":18,"f:97:19:97:20":18,"s:97:25:97:73":19,"f:101:19:101:20":19,"s:101:25:101:71":20,"f:105:19:105:20":20,"s:105:25:105:72":21,"f:111:15:111:16":21,"s:111:21:111:62":22,"f:117:19:117:20":22,"s:117:25:117:65":23,"f:122:19:122:20":23,"s:122:25:122:67":24,"f:127:19:127:20":24,"s:127:25:127:67":25,"f:132:19:132:20":25,"s:132:25:132:67":26,"f:137:19:137:20":26,"s:137:25:137:69":27,"f:142:19:142:20":27,"s:142:25:142:69":28,"f:147:19:147:20":28,"s:147:25:147:69":29,"f:152:19:152:20":29,"s:152:25:152:65":30,"f:157:19:157:20":30,"s:157:25:157:65":31,"f:162:19:162:20":31,"s:162:25:162:65":32,"f:167:19:167:20":32,"s:167:25:167:70":33,"f:172:19:172:20":33,"s:172:25:172:76":34,"f:177:19:177:20":34,"s:177:25:177:72":35,"f:182:19:182:20":35,"s:182:25:182:71":36,"f:187:19:187:20":36,"s:187:25:187:71":37,"f:192:19:192:20":37,"s:192:25:192:71":38,"s:198:14:201:2":39,"s:203:0:246:2":40,"f:203:18:203:19":38,"s:204:14:204:29":41,"b:206:2:209:3:undefined:undefined:undefined:undefined":0,"s:206:2:209:3":42,"b:206:6:206:26:206:30:206:51":1,"s:207:4:207:18":43,"s:208:4:208:10":44,"b:211:2:217:3:undefined:undefined:undefined:undefined":2,"s:211:2:217:3":45,"b:211:6:211:26:211:30:211:50":3,"b:212:4:215:18:213:9:215:18":4,"s:212:4:215:18":46,"s:212:22:212:36":47,"b:213:9:215:18:214:9:215:18":5,"s:213:9:215:18":48,"s:213:28:213:43":49,"b:214:9:215:18:215:9:215:18":6,"s:214:9:215:18":50,"s:214:27:214:41":51,"s:215:9:215:18":52,"s:216:4:216:10":53,"b:219:2:222:3:undefined:undefined:undefined:undefined":7,"s:219:2:222:3":54,"b:219:6:219:26:219:30:219:53:219:57:219:85":8,"s:220:4:220:28":55,"s:221:4:221:10":56,"b:224:2:229:3:undefined:undefined:undefined:undefined":9,"s:224:2:229:3":57,"b:224:6:224:34:224:38:224:51":10,"b:225:4:227:18:226:9:227:18":11,"s:225:4:227:18":58,"s:225:23:225:38":59,"b:226:9:227:18:227:9:227:18":12,"s:226:9:227:18":60,"s:226:27:226:41":61,"s:227:9:227:18":62,"s:228:4:228:10":63,"b:231:2:236:3:undefined:undefined:undefined:undefined":13,"s:231:2:236:3":64,"b:231:6:231:35:231:39:231:52:231:56:231:70":14,"b:232:4:234:18:233:9:234:18":15,"s:232:4:234:18":65,"s:232:22:232:36":66,"b:233:9:234:18:234:9:234:18":16,"s:233:9:234:18":67,"s:233:27:233:41":68,"s:234:9:234:18":69,"s:235:4:235:10":70,"b:238:2:243:3:undefined:undefined:undefined:undefined":17,"s:238:2:243:3":71,"b:238:6:238:34:238:38:238:51:238:55:238:68":18,"b:239:4:241:18:240:9:241:18":19,"s:239:4:241:18":72,"s:239:23:239:38":73,"b:240:9:241:18:241:9:241:18":20,"s:240:9:241:18":74,"s:240:27:240:41":75,"s:241:9:241:18":76,"s:242:4:242:10":77,"s:245:2:245:8":78},"fnNames":{}}}
,"C:\\Users\\Gamer\\IdeaProjects\\Nueva carpeta\\StockSync-Ecommerce\\frontend\\src\\stores\\auth.js": {"path":"C:\\Users\\Gamer\\IdeaProjects\\Nueva carpeta\\StockSync-Ecommerce\\frontend\\src\\stores\\auth.js","statementMap":{"0":{"start":{"line":5,"column":27},"end":{"line":84,"column":null}},"1":{"start":{"line":6,"column":17},"end":{"line":6,"column":58}},"2":{"start":{"line":7,"column":16},"end":{"line":7,"column":72}},"3":{"start":{"line":9,"column":30},"end":{"line":9,"column":89}},"4":{"start":{"line":11,"column":27},"end":{"line":11,"column":57}},"5":{"start":{"line":11,"column":43},"end":{"line":11,"column":56}},"6":{"start":{"line":12,"column":19},"end":{"line":12,"column":64}},"7":{"start":{"line":12,"column":35},"end":{"line":12,"column":63}},"8":{"start":{"line":13,"column":19},"end":{"line":13,"column":64}},"9":{"start":{"line":13,"column":35},"end":{"line":13,"column":63}},"10":{"start":{"line":14,"column":20},"end":{"line":14,"column":66}},"11":{"start":{"line":14,"column":36},"end":{"line":14,"column":65}},"12":{"start":{"line":15,"column":20},"end":{"line":15,"column":59}},"13":{"start":{"line":15,"column":36},"end":{"line":15,"column":58}},"14":{"start":{"line":16,"column":21},"end":{"line":16,"column":61}},"15":{"start":{"line":16,"column":37},"end":{"line":16,"column":60}},"16":{"start":{"line":17,"column":20},"end":{"line":17,"column":61}},"17":{"start":{"line":17,"column":36},"end":{"line":17,"column":60}},"18":{"start":{"line":18,"column":32},"end":{"line":18,"column":144}},"19":{"start":{"line":20,"column":31},"end":{"line":25,"column":6}},"20":{"start":{"line":21,"column":8},"end":{"line":23,"column":9}},"21":{"start":{"line":22,"column":12},"end":{"line":22,"column":45}},"22":{"start":{"line":24,"column":8},"end":{"line":24,"column":56}},"23":{"start":{"line":28,"column":8},"end":{"line":28,"column":39}},"24":{"start":{"line":29,"column":8},"end":{"line":33,"column":9}},"25":{"start":{"line":30,"column":12},"end":{"line":30,"column":60}},"26":{"start":{"line":32,"column":12},"end":{"line":32,"column":59}},"27":{"start":{"line":38,"column":8},"end":{"line":38,"column":32}},"28":{"start":{"line":39,"column":8},"end":{"line":39,"column":123}},"29":{"start":{"line":40,"column":8},"end":{"line":40,"column":54}},"30":{"start":{"line":42,"column":8},"end":{"line":42,"column":47}},"31":{"start":{"line":43,"column":8},"end":{"line":43,"column":64}},"32":{"start":{"line":44,"column":8},"end":{"line":44,"column":79}},"33":{"start":{"line":48,"column":25},"end":{"line":48,"column":56}},"34":{"start":{"line":49,"column":28},"end":{"line":49,"column":61}},"35":{"start":{"line":50,"column":8},"end":{"line":50,"column":41}},"36":{"start":{"line":51,"column":8},"end":{"line":51,"column":19}},"37":{"start":{"line":56,"column":8},"end":{"line":56,"column":57}},"38":{"start":{"line":60,"column":8},"end":{"line":60,"column":57}},"39":{"start":{"line":62,"column":8},"end":{"line":62,"column":15}},"40":{"start":{"line":66,"column":8},"end":{"line":66,"column":26}},"41":{"start":{"line":67,"column":8},"end":{"line":67,"column":25}},"42":{"start":{"line":68,"column":8},"end":{"line":68,"column":40}},"43":{"start":{"line":69,"column":8},"end":{"line":69,"column":38}},"44":{"start":{"line":70,"column":8},"end":{"line":70,"column":39}},"45":{"start":{"line":71,"column":8},"end":{"line":71,"column":53}},"46":{"start":{"line":72,"column":8},"end":{"line":72,"column":55}},"47":{"start":{"line":76,"column":8},"end":{"line":76,"column":15}},"48":{"start":{"line":79,"column":4},"end":{"line":83,"column":5}}},"fnMap":{"0":{"name":"(anonymous_0)","decl":{"start":{"line":5,"column":48},"end":{"line":5,"column":49}},"loc":{"start":{"line":5,"column":54},"end":{"line":84,"column":1}},"line":5},"1":{"name":"(anonymous_1)","decl":{"start":{"line":11,"column":37},"end":{"line":11,"column":38}},"loc":{"start":{"line":11,"column":43},"end":{"line":11,"column":56}},"line":11},"2":{"name":"(anonymous_2)","decl":{"start":{"line":12,"column":29},"end":{"line":12,"column":30}},"loc":{"start":{"line":12,"column":35},"end":{"line":12,"column":63}},"line":12},"3":{"name":"(anonymous_3)","decl":{"start":{"line":13,"column":29},"end":{"line":13,"column":30}},"loc":{"start":{"line":13,"column":35},"end":{"line":13,"column":63}},"line":13},"4":{"name":"(anonymous_4)","decl":{"start":{"line":14,"column":30},"end":{"line":14,"column":31}},"loc":{"start":{"line":14,"column":36},"end":{"line":14,"column":65}},"line":14},"5":{"name":"(anonymous_5)","decl":{"start":{"line":15,"column":30},"end":{"line":15,"column":31}},"loc":{"start":{"line":15,"column":36},"end":{"line":15,"column":58}},"line":15},"6":{"name":"(anonymous_6)","decl":{"start":{"line":16,"column":31},"end":{"line":16,"column":32}},"loc":{"start":{"line":16,"column":37},"end":{"line":16,"column":60}},"line":16},"7":{"name":"(anonymous_7)","decl":{"start":{"line":17,"column":30},"end":{"line":17,"column":31}},"loc":{"start":{"line":17,"column":36},"end":{"line":17,"column":60}},"line":17},"8":{"name":"(anonymous_8)","decl":{"start":{"line":20,"column":41},"end":{"line":20,"column":42}},"loc":{"start":{"line":20,"column":47},"end":{"line":25,"column":5}},"line":20},"9":{"name":"setAdminViewWarehouseId","decl":{"start":{"line":27,"column":13},"end":{"line":27,"column":36}},"loc":{"start":{"line":27,"column":41},"end":{"line":34,"column":5}},"line":27},"10":{"name":"setSessionData","decl":{"start":{"line":37,"column":13},"end":{"line":37,"column":27}},"loc":{"start":{"line":37,"column":63},"end":{"line":45,"column":5}},"line":37},"11":{"name":"login","decl":{"start":{"line":47,"column":19},"end":{"line":47,"column":24}},"loc":{"start":{"line":47,"column":42},"end":{"line":52,"column":5}},"line":47},"12":{"name":"register","decl":{"start":{"line":54,"column":19},"end":{"line":54,"column":27}},"loc":{"start":{"line":54,"column":53},"end":{"line":57,"column":5}},"line":54},"13":{"name":"changePassword","decl":{"start":{"line":59,"column":19},"end":{"line":59,"column":33}},"loc":{"start":{"line":59,"column":60},"end":{"line":63,"column":5}},"line":59},"14":{"name":"clear","decl":{"start":{"line":65,"column":13},"end":{"line":65,"column":18}},"loc":{"start":{"line":65,"column":21},"end":{"line":73,"column":5}},"line":65},"15":{"name":"logout","decl":{"start":{"line":75,"column":13},"end":{"line":75,"column":19}},"loc":{"start":{"line":75,"column":22},"end":{"line":77,"column":5}},"line":75}},"branchMap":{"0":{"loc":{"start":{"line":6,"column":22},"end":{"line":6,"column":57}},"type":"binary-expr","locations":[{"start":{"line":6,"column":22},"end":{"line":6,"column":49}},{"start":{"line":6,"column":53},"end":{"line":6,"column":57}}],"line":6},"1":{"loc":{"start":{"line":7,"column":32},"end":{"line":7,"column":70}},"type":"binary-expr","locations":[{"start":{"line":7,"column":32},"end":{"line":7,"column":60}},{"start":{"line":7,"column":64},"end":{"line":7,"column":70}}],"line":7},"2":{"loc":{"start":{"line":15,"column":36},"end":{"line":15,"column":58}},"type":"binary-expr","locations":[{"start":{"line":15,"column":36},"end":{"line":15,"column":52}},{"start":{"line":15,"column":56},"end":{"line":15,"column":58}}],"line":15},"3":{"loc":{"start":{"line":16,"column":37},"end":{"line":16,"column":60}},"type":"binary-expr","locations":[{"start":{"line":16,"column":37},"end":{"line":16,"column":54}},{"start":{"line":16,"column":58},"end":{"line":16,"column":60}}],"line":16},"4":{"loc":{"start":{"line":17,"column":36},"end":{"line":17,"column":60}},"type":"binary-expr","locations":[{"start":{"line":17,"column":36},"end":{"line":17,"column":54}},{"start":{"line":17,"column":58},"end":{"line":17,"column":60}}],"line":17},"5":{"loc":{"start":{"line":18,"column":37},"end":{"line":18,"column":143}},"type":"cond-expr","locations":[{"start":{"line":18,"column":84},"end":{"line":18,"column":136}},{"start":{"line":18,"column":139},"end":{"line":18,"column":143}}],"line":18},"6":{"loc":{"start":{"line":21,"column":8},"end":{"line":23,"column":9}},"type":"if","locations":[{"start":{"line":21,"column":8},"end":{"line":23,"column":9}},{"start":{},"end":{}}],"line":21},"7":{"loc":{"start":{"line":21,"column":12},"end":{"line":21,"column":55}},"type":"binary-expr","locations":[{"start":{"line":21,"column":12},"end":{"line":21,"column":25}},{"start":{"line":21,"column":29},"end":{"line":21,"column":55}}],"line":21},"8":{"loc":{"start":{"line":24,"column":15},"end":{"line":24,"column":56}},"type":"binary-expr","locations":[{"start":{"line":24,"column":15},"end":{"line":24,"column":48}},{"start":{"line":24,"column":52},"end":{"line":24,"column":56}}],"line":24},"9":{"loc":{"start":{"line":29,"column":8},"end":{"line":33,"column":9}},"type":"if","locations":[{"start":{"line":29,"column":8},"end":{"line":33,"column":9}},{"start":{"line":31,"column":15},"end":{"line":33,"column":9}}],"line":29},"10":{"loc":{"start":{"line":37,"column":34},"end":{"line":37,"column":61}},"type":"default-arg","locations":[{"start":{"line":37,"column":56},"end":{"line":37,"column":61}}],"line":37},"11":{"loc":{"start":{"line":49,"column":28},"end":{"line":49,"column":61}},"type":"binary-expr","locations":[{"start":{"line":49,"column":28},"end":{"line":49,"column":52}},{"start":{"line":49,"column":56},"end":{"line":49,"column":61}}],"line":49}},"s":{"0":3,"1":8,"2":8,"3":8,"4":8,"5":3,"6":8,"7":3,"8":8,"9":0,"10":8,"11":0,"12":8,"13":0,"14":8,"15":0,"16":8,"17":0,"18":8,"19":8,"20":1,"21":0,"22":1,"23":2,"24":2,"25":1,"26":1,"27":1,"28":1,"29":1,"30":1,"31":1,"32":1,"33":1,"34":1,"35":1,"36":1,"37":0,"38":0,"39":0,"40":1,"41":1,"42":1,"43":1,"44":1,"45":1,"46":1,"47":1,"48":8},"f":{"0":8,"1":3,"2":3,"3":0,"4":0,"5":0,"6":0,"7":0,"8":1,"9":2,"10":1,"11":1,"12":0,"13":0,"14":1,"15":1},"b":{"0":[8,8],"1":[8,8],"2":[0,0],"3":[0,0],"4":[0,0],"5":[0,8],"6":[0,1],"7":[1,0],"8":[1,1],"9":[1,1],"10":[1],"11":[1,1]},"meta":{"lastBranch":12,"lastFunction":16,"lastStatement":49,"seen":{"s:5:27:84:Infinity":0,"f:5:48:5:49":0,"s:6:17:6:58":1,"b:6:22:6:49:6:53:6:57":0,"s:7:16:7:72":2,"b:7:32:7:60:7:64:7:70":1,"s:9:30:9:89":3,"s:11:27:11:57":4,"f:11:37:11:38":1,"s:11:43:11:56":5,"s:12:19:12:64":6,"f:12:29:12:30":2,"s:12:35:12:63":7,"s:13:19:13:64":8,"f:13:29:13:30":3,"s:13:35:13:63":9,"s:14:20:14:66":10,"f:14:30:14:31":4,"s:14:36:14:65":11,"s:15:20:15:59":12,"f:15:30:15:31":5,"s:15:36:15:58":13,"b:15:36:15:52:15:56:15:58":2,"s:16:21:16:61":14,"f:16:31:16:32":6,"s:16:37:16:60":15,"b:16:37:16:54:16:58:16:60":3,"s:17:20:17:61":16,"f:17:30:17:31":7,"s:17:36:17:60":17,"b:17:36:17:54:17:58:17:60":4,"s:18:32:18:144":18,"b:18:84:18:136:18:139:18:143":5,"s:20:31:25:6":19,"f:20:41:20:42":8,"b:21:8:23:9:undefined:undefined:undefined:undefined":6,"s:21:8:23:9":20,"b:21:12:21:25:21:29:21:55":7,"s:22:12:22:45":21,"s:24:8:24:56":22,"b:24:15:24:48:24:52:24:56":8,"f:27:13:27:36":9,"s:28:8:28:39":23,"b:29:8:33:9:31:15:33:9":9,"s:29:8:33:9":24,"s:30:12:30:60":25,"s:32:12:32:59":26,"f:37:13:37:27":10,"b:37:56:37:61":10,"s:38:8:38:32":27,"s:39:8:39:123":28,"s:40:8:40:54":29,"s:42:8:42:47":30,"s:43:8:43:64":31,"s:44:8:44:79":32,"f:47:19:47:24":11,"s:48:25:48:56":33,"s:49:28:49:61":34,"b:49:28:49:52:49:56:49:61":11,"s:50:8:50:41":35,"s:51:8:51:19":36,"f:54:19:54:27":12,"s:56:8:56:57":37,"f:59:19:59:33":13,"s:60:8:60:57":38,"s:62:8:62:15":39,"f:65:13:65:18":14,"s:66:8:66:26":40,"s:67:8:67:25":41,"s:68:8:68:40":42,"s:69:8:69:38":43,"s:70:8:70:39":44,"s:71:8:71:53":45,"s:72:8:72:55":46,"f:75:13:75:19":15,"s:76:8:76:15":47,"s:79:4:83:5":48},"fnNames":{}}}
,"C:\\Users\\Gamer\\IdeaProjects\\Nueva carpeta\\StockSync-Ecommerce\\frontend\\src\\stores\\stock.js": {"path":"C:\\Users\\Gamer\\IdeaProjects\\Nueva carpeta\\StockSync-Ecommerce\\frontend\\src\\stores\\stock.js","statementMap":{"0":{"start":{"line":5,"column":28},"end":{"line":62,"column":null}},"1":{"start":{"line":6,"column":16},"end":{"line":6,"column":24}},"2":{"start":{"line":7,"column":17},"end":{"line":7,"column":28}},"3":{"start":{"line":8,"column":19},"end":{"line":8,"column":27}},"4":{"start":{"line":11,"column":4},"end":{"line":11,"column":24}},"5":{"start":{"line":12,"column":4},"end":{"line":17,"column":5}},"6":{"start":{"line":13,"column":23},"end":{"line":13,"column":44}},"7":{"start":{"line":14,"column":6},"end":{"line":14,"column":25}},"8":{"start":{"line":16,"column":6},"end":{"line":16,"column":27}},"9":{"start":{"line":21,"column":21},"end":{"line":21,"column":64}},"10":{"start":{"line":22,"column":4},"end":{"line":22,"column":15}},"11":{"start":{"line":26,"column":21},"end":{"line":26,"column":50}},"12":{"start":{"line":27,"column":4},"end":{"line":27,"column":15}},"13":{"start":{"line":31,"column":21},"end":{"line":31,"column":53}},"14":{"start":{"line":32,"column":4},"end":{"line":32,"column":15}},"15":{"start":{"line":36,"column":21},"end":{"line":36,"column":58}},"16":{"start":{"line":37,"column":4},"end":{"line":37,"column":15}},"17":{"start":{"line":41,"column":4},"end":{"line":41,"column":29}},"18":{"start":{"line":42,"column":4},"end":{"line":42,"column":58}},"19":{"start":{"line":42,"column":46},"end":{"line":42,"column":57}},"20":{"start":{"line":46,"column":21},"end":{"line":46,"column":53}},"21":{"start":{"line":47,"column":4},"end":{"line":47,"column":15}},"22":{"start":{"line":51,"column":4},"end":{"line":51,"column":24}},"23":{"start":{"line":52,"column":4},"end":{"line":58,"column":5}},"24":{"start":{"line":53,"column":23},"end":{"line":53,"column":64}},"25":{"start":{"line":54,"column":6},"end":{"line":54,"column":28}},"26":{"start":{"line":55,"column":6},"end":{"line":55,"column":17}},"27":{"start":{"line":57,"column":6},"end":{"line":57,"column":27}},"28":{"start":{"line":61,"column":2},"end":{"line":61,"column":120}}},"fnMap":{"0":{"name":"(anonymous_0)","decl":{"start":{"line":5,"column":50},"end":{"line":5,"column":51}},"loc":{"start":{"line":5,"column":56},"end":{"line":62,"column":1}},"line":5},"1":{"name":"fetchAll","decl":{"start":{"line":10,"column":17},"end":{"line":10,"column":25}},"loc":{"start":{"line":10,"column":28},"end":{"line":18,"column":3}},"line":10},"2":{"name":"fetchByWarehouse","decl":{"start":{"line":20,"column":17},"end":{"line":20,"column":33}},"loc":{"start":{"line":20,"column":47},"end":{"line":23,"column":3}},"line":20},"3":{"name":"add","decl":{"start":{"line":25,"column":17},"end":{"line":25,"column":20}},"loc":{"start":{"line":25,"column":32},"end":{"line":28,"column":3}},"line":25},"4":{"name":"update","decl":{"start":{"line":30,"column":17},"end":{"line":30,"column":23}},"loc":{"start":{"line":30,"column":35},"end":{"line":33,"column":3}},"line":30},"5":{"name":"transfer","decl":{"start":{"line":35,"column":17},"end":{"line":35,"column":25}},"loc":{"start":{"line":35,"column":40},"end":{"line":38,"column":3}},"line":35},"6":{"name":"remove","decl":{"start":{"line":40,"column":17},"end":{"line":40,"column":23}},"loc":{"start":{"line":40,"column":28},"end":{"line":43,"column":3}},"line":40},"7":{"name":"(anonymous_7)","decl":{"start":{"line":42,"column":39},"end":{"line":42,"column":40}},"loc":{"start":{"line":42,"column":46},"end":{"line":42,"column":57}},"line":42},"8":{"name":"sale","decl":{"start":{"line":45,"column":17},"end":{"line":45,"column":21}},"loc":{"start":{"line":45,"column":33},"end":{"line":48,"column":3}},"line":45},"9":{"name":"fetchMovements","decl":{"start":{"line":50,"column":17},"end":{"line":50,"column":31}},"loc":{"start":{"line":50,"column":65},"end":{"line":59,"column":3}},"line":50}},"branchMap":{"0":{"loc":{"start":{"line":50,"column":32},"end":{"line":50,"column":43}},"type":"default-arg","locations":[{"start":{"line":50,"column":39},"end":{"line":50,"column":43}}],"line":50},"1":{"loc":{"start":{"line":50,"column":45},"end":{"line":50,"column":63}},"type":"default-arg","locations":[{"start":{"line":50,"column":59},"end":{"line":50,"column":63}}],"line":50}},"s":{"0":2,"1":5,"2":5,"3":5,"4":1,"5":1,"6":1,"7":1,"8":1,"9":0,"10":0,"11":1,"12":1,"13":0,"14":0,"15":0,"16":0,"17":1,"18":1,"19":3,"20":0,"21":0,"22":1,"23":1,"24":1,"25":1,"26":1,"27":1,"28":5},"f":{"0":5,"1":1,"2":0,"3":1,"4":0,"5":0,"6":1,"7":3,"8":0,"9":1},"b":{"0":[1],"1":[1]},"meta":{"lastBranch":2,"lastFunction":10,"lastStatement":29,"seen":{"s:5:28:62:Infinity":0,"f:5:50:5:51":0,"s:6:16:6:24":1,"s:7:17:7:28":2,"s:8:19:8:27":3,"f:10:17:10:25":1,"s:11:4:11:24":4,"s:12:4:17:5":5,"s:13:23:13:44":6,"s:14:6:14:25":7,"s:16:6:16:27":8,"f:20:17:20:33":2,"s:21:21:21:64":9,"s:22:4:22:15":10,"f:25:17:25:20":3,"s:26:21:26:50":11,"s:27:4:27:15":12,"f:30:17:30:23":4,"s:31:21:31:53":13,"s:32:4:32:15":14,"f:35:17:35:25":5,"s:36:21:36:58":15,"s:37:4:37:15":16,"f:40:17:40:23":6,"s:41:4:41:29":17,"s:42:4:42:58":18,"f:42:39:42:40":7,"s:42:46:42:57":19,"f:45:17:45:21":8,"s:46:21:46:53":20,"s:47:4:47:15":21,"f:50:17:50:31":9,"b:50:39:50:43":0,"b:50:59:50:63":1,"s:51:4:51:24":22,"s:52:4:58:5":23,"s:53:23:53:64":24,"s:54:6:54:28":25,"s:55:6:55:17":26,"s:57:6:57:27":27,"s:61:2:61:120":28},"fnNames":{}}}
,"C:\\Users\\Gamer\\IdeaProjects\\Nueva carpeta\\StockSync-Ecommerce\\frontend\\src\\views\\auth\\Login.vue": {"path":"C:\\Users\\Gamer\\IdeaProjects\\Nueva carpeta\\StockSync-Ecommerce\\frontend\\src\\views\\auth\\Login.vue","statementMap":{"0":{"start":{"line":74,"column":14},"end":{"line":74,"column":26}},"1":{"start":{"line":75,"column":12},"end":{"line":75,"column":27}},"2":{"start":{"line":77,"column":12},"end":{"line":77,"column":22}},"3":{"start":{"line":78,"column":13},"end":{"line":78,"column":21}},"4":{"start":{"line":79,"column":16},"end":{"line":79,"column":24}},"5":{"start":{"line":80,"column":13},"end":{"line":80,"column":21}},"6":{"start":{"line":81,"column":15},"end":{"line":81,"column":26}},"7":{"start":{"line":83,"column":14},"end":{"line":86,"column":1}},"8":{"start":{"line":84,"column":19},"end":{"line":84,"column":43}},"9":{"start":{"line":85,"column":16},"end":{"line":85,"column":51}},"10":{"start":{"line":90,"column":20},"end":{"line":90,"column":47}},"11":{"start":{"line":91,"column":2},"end":{"line":91,"column":20}},"12":{"start":{"line":91,"column":14},"end":{"line":91,"column":20}},"13":{"start":{"line":93,"column":2},"end":{"line":93,"column":22}},"14":{"start":{"line":94,"column":2},"end":{"line":94,"column":18}},"15":{"start":{"line":95,"column":2},"end":{"line":114,"column":3}},"16":{"start":{"line":96,"column":17},"end":{"line":96,"column":62}},"17":{"start":{"line":97,"column":4},"end":{"line":109,"column":5}},"18":{"start":{"line":98,"column":6},"end":{"line":98,"column":37}},"19":{"start":{"line":100,"column":6},"end":{"line":108,"column":7}},"20":{"start":{"line":101,"column":8},"end":{"line":101,"column":29}},"21":{"start":{"line":102,"column":13},"end":{"line":108,"column":7}},"22":{"start":{"line":103,"column":8},"end":{"line":103,"column":30}},"23":{"start":{"line":104,"column":13},"end":{"line":108,"column":7}},"24":{"start":{"line":105,"column":8},"end":{"line":105,"column":29}},"25":{"start":{"line":107,"column":8},"end":{"line":107,"column":24}},"26":{"start":{"line":111,"column":4},"end":{"line":111,"column":71}},"27":{"start":{"line":113,"column":4},"end":{"line":113,"column":25}},"28":{"start":{"line":35,"column":17},"end":{"line":35,"column":null}},"29":{"start":{"line":53,"column":15},"end":{"line":53,"column":null}},"30":{"start":{"line":2,"column":2},"end":{"line":63,"column":null}},"31":{"start":{"line":3,"column":20},"end":{"line":63,"column":null}},"32":{"start":{"line":60,"column":15},"end":{"line":57,"column":20}},"33":{"start":{"line":9,"column":23},"end":{"line":57,"column":20}},"34":{"start":{"line":9,"column":8},"end":{"line":9,"column":23}},"35":{"start":{"line":14,"column":20},"end":{"line":57,"column":20}},"36":{"start":{"line":12,"column":97},"end":{"line":12,"column":null}},"37":{"start":{"line":13,"column":23},"end":{"line":13,"column":23}},"38":{"start":{"line":24,"column":14},"end":{"line":50,"column":20}},"39":{"start":{"line":18,"column":23},"end":{"line":18,"column":null}},"40":{"start":{"line":27,"column":23},"end":{"line":27,"column":null}},"41":{"start":{"line":38,"column":14},"end":{"line":38,"column":22}},"42":{"start":{"line":50,"column":12},"end":{"line":50,"column":20}},"43":{"start":{"line":57,"column":12},"end":{"line":57,"column":20}}},"fnMap":{"0":{"name":"(anonymous_0)","decl":{"start":{"line":84,"column":12},"end":{"line":84,"column":13}},"loc":{"start":{"line":84,"column":19},"end":{"line":84,"column":43}},"line":84},"1":{"name":"(anonymous_1)","decl":{"start":{"line":85,"column":9},"end":{"line":85,"column":10}},"loc":{"start":{"line":85,"column":16},"end":{"line":85,"column":51}},"line":85},"2":{"name":"handleLogin","decl":{"start":{"line":88,"column":15},"end":{"line":88,"column":26}},"loc":{"start":{"line":88,"column":29},"end":{"line":115,"column":1}},"line":88},"3":{"name":"(anonymous_3)","decl":{"start":{"line":3,"column":4},"end":{"line":3,"column":20}},"loc":{"start":{"line":3,"column":20},"end":{"line":63,"column":null}},"line":3},"4":{"name":"(anonymous_4)","decl":{"start":{"line":6,"column":6},"end":{"line":6,"column":14}},"loc":{"start":{"line":60,"column":15},"end":{"line":57,"column":20}},"line":60},"5":{"name":"(anonymous_5)","decl":{"start":{"line":7,"column":8},"end":{"line":7,"column":22}},"loc":{"start":{"line":9,"column":23},"end":{"line":57,"column":20}},"line":9},"6":{"name":"(anonymous_6)","decl":{"start":{"line":7,"column":83},"end":{"line":7,"column":null}},"loc":{"start":{"line":9,"column":8},"end":{"line":9,"column":23}},"line":9},"7":{"name":"(anonymous_7)","decl":{"start":{"line":12,"column":10},"end":{"line":12,"column":25}},"loc":{"start":{"line":14,"column":20},"end":{"line":57,"column":20}},"line":14},"8":{"name":"(anonymous_8)","decl":{"start":{"line":12,"column":95},"end":{"line":12,"column":97}},"loc":{"start":{"line":12,"column":97},"end":{"line":12,"column":null}},"line":12},"9":{"name":"(anonymous_9)","decl":{"start":{"line":13,"column":12},"end":{"line":13,"column":15}},"loc":{"start":{"line":13,"column":23},"end":{"line":13,"column":23}},"line":13},"10":{"name":"(anonymous_10)","decl":{"start":{"line":17,"column":12},"end":{"line":17,"column":null}},"loc":{"start":{"line":24,"column":14},"end":{"line":50,"column":20}},"line":24},"11":{"name":"(anonymous_11)","decl":{"start":{"line":18,"column":23},"end":{"line":18,"column":28}},"loc":{"start":{"line":18,"column":23},"end":{"line":18,"column":null}},"line":18},"12":{"name":"(anonymous_12)","decl":{"start":{"line":27,"column":23},"end":{"line":27,"column":31}},"loc":{"start":{"line":27,"column":23},"end":{"line":27,"column":null}},"line":27},"13":{"name":"(anonymous_13)","decl":{"start":{"line":36,"column":87},"end":{"line":36,"column":null}},"loc":{"start":{"line":38,"column":14},"end":{"line":38,"column":22}},"line":38},"14":{"name":"(anonymous_14)","decl":{"start":{"line":48,"column":13},"end":{"line":48,"column":null}},"loc":{"start":{"line":50,"column":12},"end":{"line":50,"column":20}},"line":50},"15":{"name":"(anonymous_15)","decl":{"start":{"line":55,"column":78},"end":{"line":55,"column":null}},"loc":{"start":{"line":57,"column":12},"end":{"line":57,"column":20}},"line":57}},"branchMap":{"0":{"loc":{"start":{"line":84,"column":19},"end":{"line":84,"column":43}},"type":"binary-expr","locations":[{"start":{"line":84,"column":19},"end":{"line":84,"column":22}},{"start":{"line":84,"column":26},"end":{"line":84,"column":43}}],"line":84},"1":{"loc":{"start":{"line":85,"column":16},"end":{"line":85,"column":51}},"type":"binary-expr","locations":[{"start":{"line":85,"column":16},"end":{"line":85,"column":31}},{"start":{"line":85,"column":35},"end":{"line":85,"column":51}}],"line":85},"2":{"loc":{"start":{"line":91,"column":2},"end":{"line":91,"column":20}},"type":"if","locations":[{"start":{"line":91,"column":2},"end":{"line":91,"column":20}},{"start":{},"end":{}}],"line":91},"3":{"loc":{"start":{"line":97,"column":4},"end":{"line":109,"column":5}},"type":"if","locations":[{"start":{"line":97,"column":4},"end":{"line":109,"column":5}},{"start":{"line":99,"column":11},"end":{"line":109,"column":5}}],"line":97},"4":{"loc":{"start":{"line":100,"column":6},"end":{"line":108,"column":7}},"type":"if","locations":[{"start":{"line":100,"column":6},"end":{"line":108,"column":7}},{"start":{"line":102,"column":13},"end":{"line":108,"column":7}}],"line":100},"5":{"loc":{"start":{"line":102,"column":13},"end":{"line":108,"column":7}},"type":"if","locations":[{"start":{"line":102,"column":13},"end":{"line":108,"column":7}},{"start":{"line":104,"column":13},"end":{"line":108,"column":7}}],"line":102},"6":{"loc":{"start":{"line":104,"column":13},"end":{"line":108,"column":7}},"type":"if","locations":[{"start":{"line":104,"column":13},"end":{"line":108,"column":7}},{"start":{"line":106,"column":13},"end":{"line":108,"column":7}}],"line":104},"7":{"loc":{"start":{"line":111,"column":18},"end":{"line":111,"column":71}},"type":"binary-expr","locations":[{"start":{"line":111,"column":18},"end":{"line":111,"column":43}},{"start":{"line":111,"column":47},"end":{"line":111,"column":71}}],"line":111},"8":{"loc":{"start":{"line":9,"column":8},"end":{"line":9,"column":23}},"type":"binary-expr","locations":[{"start":{"line":9,"column":8},"end":{"line":9,"column":23}},{"start":{"line":9,"column":8},"end":{"line":9,"column":23}}],"line":9},"9":{"loc":{"start":{"line":12,"column":25},"end":{"line":13,"column":23}},"type":"cond-expr","locations":[{"start":{"line":12,"column":10},"end":{"line":13,"column":23}}],"line":12},"10":{"loc":{"start":{"line":12,"column":95},"end":{"line":12,"column":null}},"type":"binary-expr","locations":[{"start":{"line":12,"column":95},"end":{"line":12,"column":97}},{"start":{"line":12,"column":95},"end":{"line":12,"column":null}}],"line":12},"11":{"loc":{"start":{"line":18,"column":23},"end":{"line":18,"column":null}},"type":"binary-expr","locations":[{"start":{"line":18,"column":23},"end":{"line":18,"column":28}},{"start":{"line":18,"column":23},"end":{"line":18,"column":null}}],"line":18},"12":{"loc":{"start":{"line":27,"column":23},"end":{"line":27,"column":null}},"type":"binary-expr","locations":[{"start":{"line":27,"column":23},"end":{"line":27,"column":31}},{"start":{"line":27,"column":23},"end":{"line":27,"column":null}}],"line":27},"13":{"loc":{"start":{"line":38,"column":14},"end":{"line":38,"column":22}},"type":"binary-expr","locations":[{"start":{"line":38,"column":14},"end":{"line":38,"column":22}},{"start":{"line":38,"column":14},"end":{"line":38,"column":22}}],"line":38},"14":{"loc":{"start":{"line":50,"column":12},"end":{"line":50,"column":20}},"type":"binary-expr","locations":[{"start":{"line":50,"column":12},"end":{"line":50,"column":20}},{"start":{"line":50,"column":12},"end":{"line":50,"column":20}}],"line":50},"15":{"loc":{"start":{"line":54,"column":12},"end":{"line":54,"column":84}},"type":"binary-expr","locations":[{"start":{"line":54,"column":12},"end":{"line":54,"column":18}},{"start":{"line":54,"column":12},"end":{"line":54,"column":84}}],"line":54},"16":{"loc":{"start":{"line":57,"column":12},"end":{"line":57,"column":20}},"type":"binary-expr","locations":[{"start":{"line":57,"column":12},"end":{"line":57,"column":20}},{"start":{"line":57,"column":12},"end":{"line":57,"column":20}}],"line":57}},"s":{"0":3,"1":3,"2":3,"3":3,"4":3,"5":3,"6":3,"7":3,"8":18,"9":6,"10":2,"11":2,"12":0,"13":2,"14":2,"15":2,"16":2,"17":1,"18":0,"19":1,"20":1,"21":0,"22":0,"23":0,"24":0,"25":0,"26":1,"27":2,"28":1,"29":1,"30":3,"31":6,"32":6,"33":6,"34":6,"35":7,"36":0,"37":2,"38":14,"39":2,"40":2,"41":14,"42":14,"43":7},"f":{"0":18,"1":6,"2":2,"3":6,"4":6,"5":6,"6":6,"7":7,"8":0,"9":2,"10":14,"11":2,"12":2,"13":14,"14":14,"15":7},"b":{"0":[18,6],"1":[6,0],"2":[0,2],"3":[0,1],"4":[1,0],"5":[0,0],"6":[0,0],"7":[1,0],"8":[6,3],"9":[2],"10":[2,1],"11":[14,3],"12":[14,3],"13":[14,3],"14":[14,3],"15":[7,3],"16":[7,3]},"meta":{"lastBranch":0,"lastFunction":0,"lastStatement":0,"seen":{},"fnNames":{}}}
,"C:\\Users\\Gamer\\IdeaProjects\\Nueva carpeta\\StockSync-Ecommerce\\frontend\\src\\views\\local\\localVentas.vue": {"path":"C:\\Users\\Gamer\\IdeaProjects\\Nueva carpeta\\StockSync-Ecommerce\\frontend\\src\\views\\local\\localVentas.vue","statementMap":{"0":{"start":{"line":123,"column":17},"end":{"line":123,"column":32}},"1":{"start":{"line":124,"column":18},"end":{"line":124,"column":34}},"2":{"start":{"line":126,"column":15},"end":{"line":126,"column":26}},"3":{"start":{"line":127,"column":17},"end":{"line":127,"column":25}},"4":{"start":{"line":128,"column":17},"end":{"line":128,"column":25}},"5":{"start":{"line":130,"column":18},"end":{"line":133,"column":2}},"6":{"start":{"line":135,"column":0},"end":{"line":142,"column":2}},"7":{"start":{"line":136,"column":2},"end":{"line":141,"column":3}},"8":{"start":{"line":137,"column":4},"end":{"line":140,"column":6}},"9":{"start":{"line":145,"column":2},"end":{"line":145,"column":84}},"10":{"start":{"line":149,"column":2},"end":{"line":149,"column":91}},"11":{"start":{"line":152,"column":17},"end":{"line":155,"column":2}},"12":{"start":{"line":153,"column":14},"end":{"line":153,"column":45}},"13":{"start":{"line":154,"column":2},"end":{"line":154,"column":88}},"14":{"start":{"line":154,"column":37},"end":{"line":154,"column":87}},"15":{"start":{"line":157,"column":22},"end":{"line":159,"column":2}},"16":{"start":{"line":158,"column":2},"end":{"line":158,"column":73}},"17":{"start":{"line":158,"column":44},"end":{"line":158,"column":69}},"18":{"start":{"line":161,"column":28},"end":{"line":163,"column":2}},"19":{"start":{"line":162,"column":2},"end":{"line":162,"column":64}},"20":{"start":{"line":162,"column":44},"end":{"line":162,"column":60}},"21":{"start":{"line":165,"column":26},"end":{"line":167,"column":2}},"22":{"start":{"line":166,"column":2},"end":{"line":166,"column":31}},"23":{"start":{"line":169,"column":21},"end":{"line":173,"column":2}},"24":{"start":{"line":170,"column":2},"end":{"line":172,"column":17}},"25":{"start":{"line":171,"column":20},"end":{"line":171,"column":65}},"26":{"start":{"line":176,"column":2},"end":{"line":176,"column":25}},"27":{"start":{"line":176,"column":14},"end":{"line":176,"column":25}},"28":{"start":{"line":177,"column":2},"end":{"line":177,"column":93}},"29":{"start":{"line":181,"column":2},"end":{"line":181,"column":71}},"30":{"start":{"line":181,"column":65},"end":{"line":181,"column":71}},"31":{"start":{"line":183,"column":2},"end":{"line":183,"column":22}},"32":{"start":{"line":184,"column":2},"end":{"line":199,"column":3}},"33":{"start":{"line":185,"column":4},"end":{"line":189,"column":6}},"34":{"start":{"line":190,"column":4},"end":{"line":190,"column":42}},"35":{"start":{"line":191,"column":4},"end":{"line":191,"column":37}},"36":{"start":{"line":192,"column":4},"end":{"line":192,"column":36}},"37":{"start":{"line":193,"column":4},"end":{"line":193,"column":51}},"38":{"start":{"line":195,"column":4},"end":{"line":195,"column":51}},"39":{"start":{"line":196,"column":4},"end":{"line":196,"column":69}},"40":{"start":{"line":198,"column":4},"end":{"line":198,"column":25}},"41":{"start":{"line":203,"column":2},"end":{"line":243,"column":3}},"42":{"start":{"line":204,"column":16},"end":{"line":204,"column":27}},"43":{"start":{"line":207,"column":4},"end":{"line":207,"column":23}},"44":{"start":{"line":208,"column":4},"end":{"line":208,"column":48}},"45":{"start":{"line":211,"column":4},"end":{"line":211,"column":23}},"46":{"start":{"line":212,"column":4},"end":{"line":212,"column":25}},"47":{"start":{"line":213,"column":4},"end":{"line":213,"column":72}},"48":{"start":{"line":216,"column":4},"end":{"line":216,"column":23}},"49":{"start":{"line":217,"column":4},"end":{"line":217,"column":73}},"50":{"start":{"line":218,"column":4},"end":{"line":218,"column":73}},"51":{"start":{"line":219,"column":4},"end":{"line":219,"column":81}},"52":{"start":{"line":222,"column":21},"end":{"line":222,"column":69}},"53":{"start":{"line":223,"column":18},"end":{"line":229,"column":6}},"54":{"start":{"line":223,"column":47},"end":{"line":229,"column":5}},"55":{"start":{"line":231,"column":3},"end":{"line":237,"column":6}},"56":{"start":{"line":239,"column":4},"end":{"line":239,"column":89}},"57":{"start":{"line":241,"column":4},"end":{"line":241,"column":49}},"58":{"start":{"line":242,"column":4},"end":{"line":242,"column":51}},"59":{"start":{"line":4,"column":9},"end":{"line":4,"column":null}},"60":{"start":{"line":22,"column":17},"end":{"line":22,"column":64}},"61":{"start":{"line":31,"column":17},"end":{"line":31,"column":64}},"62":{"start":{"line":40,"column":17},"end":{"line":40,"column":64}},"63":{"start":{"line":3,"column":2},"end":{"line":106,"column":76}},"64":{"start":{"line":15,"column":10},"end":{"line":106,"column":76}},"65":{"start":{"line":14,"column":6},"end":{"line":14,"column":14}},"66":{"start":{"line":25,"column":14},"end":{"line":40,"column":91}},"67":{"start":{"line":24,"column":17},"end":{"line":22,"column":104}},"68":{"start":{"line":23,"column":24},"end":{"line":22,"column":104}},"69":{"start":{"line":21,"column":54},"end":{"line":22,"column":104}},"70":{"start":{"line":33,"column":17},"end":{"line":31,"column":93}},"71":{"start":{"line":32,"column":24},"end":{"line":31,"column":93}},"72":{"start":{"line":30,"column":66},"end":{"line":31,"column":93}},"73":{"start":{"line":42,"column":17},"end":{"line":40,"column":91}},"74":{"start":{"line":41,"column":24},"end":{"line":40,"column":91}},"75":{"start":{"line":39,"column":64},"end":{"line":40,"column":91}},"76":{"start":{"line":47,"column":74},"end":{"line":106,"column":76}},"77":{"start":{"line":47,"column":59},"end":{"line":47,"column":74}},"78":{"start":{"line":88,"column":17},"end":{"line":106,"column":76}},"79":{"start":{"line":87,"column":18},"end":{"line":85,"column":22}},"80":{"start":{"line":62,"column":20},"end":{"line":85,"column":22}},"81":{"start":{"line":61,"column":16},"end":{"line":60,"column":null}},"82":{"start":{"line":53,"column":27},"end":{"line":53,"column":null}},"83":{"start":{"line":60,"column":28},"end":{"line":60,"column":null}},"84":{"start":{"line":74,"column":16},"end":{"line":70,"column":null}},"85":{"start":{"line":65,"column":27},"end":{"line":65,"column":null}},"86":{"start":{"line":70,"column":50},"end":{"line":70,"column":101}},"87":{"start":{"line":70,"column":106},"end":{"line":70,"column":null}},"88":{"start":{"line":85,"column":22},"end":{"line":85,"column":22}},"89":{"start":{"line":85,"column":14},"end":{"line":85,"column":22}},"90":{"start":{"line":97,"column":18},"end":{"line":106,"column":76}},"91":{"start":{"line":99,"column":8},"end":{"line":103,"column":58}}},"fnMap":{"0":{"name":"(anonymous_0)","decl":{"start":{"line":135,"column":10},"end":{"line":135,"column":15}},"loc":{"start":{"line":135,"column":22},"end":{"line":142,"column":1}},"line":135},"1":{"name":"fetchStock","decl":{"start":{"line":144,"column":15},"end":{"line":144,"column":25}},"loc":{"start":{"line":144,"column":28},"end":{"line":146,"column":1}},"line":144},"2":{"name":"fetchSales","decl":{"start":{"line":148,"column":15},"end":{"line":148,"column":25}},"loc":{"start":{"line":148,"column":28},"end":{"line":150,"column":1}},"line":148},"3":{"name":"(anonymous_3)","decl":{"start":{"line":152,"column":27},"end":{"line":152,"column":28}},"loc":{"start":{"line":152,"column":33},"end":{"line":155,"column":1}},"line":152},"4":{"name":"(anonymous_4)","decl":{"start":{"line":154,"column":32},"end":{"line":154,"column":33}},"loc":{"start":{"line":154,"column":37},"end":{"line":154,"column":87}},"line":154},"5":{"name":"(anonymous_5)","decl":{"start":{"line":157,"column":32},"end":{"line":157,"column":33}},"loc":{"start":{"line":157,"column":38},"end":{"line":159,"column":1}},"line":157},"6":{"name":"(anonymous_6)","decl":{"start":{"line":158,"column":32},"end":{"line":158,"column":33}},"loc":{"start":{"line":158,"column":44},"end":{"line":158,"column":69}},"line":158},"7":{"name":"(anonymous_7)","decl":{"start":{"line":161,"column":38},"end":{"line":161,"column":39}},"loc":{"start":{"line":161,"column":44},"end":{"line":163,"column":1}},"line":161},"8":{"name":"(anonymous_8)","decl":{"start":{"line":162,"column":32},"end":{"line":162,"column":33}},"loc":{"start":{"line":162,"column":44},"end":{"line":162,"column":60}},"line":162},"9":{"name":"(anonymous_9)","decl":{"start":{"line":165,"column":36},"end":{"line":165,"column":37}},"loc":{"start":{"line":165,"column":42},"end":{"line":167,"column":1}},"line":165},"10":{"name":"(anonymous_10)","decl":{"start":{"line":169,"column":31},"end":{"line":169,"column":32}},"loc":{"start":{"line":169,"column":37},"end":{"line":173,"column":1}},"line":169},"11":{"name":"(anonymous_11)","decl":{"start":{"line":171,"column":10},"end":{"line":171,"column":11}},"loc":{"start":{"line":171,"column":20},"end":{"line":171,"column":65}},"line":171},"12":{"name":"formatearDinero","decl":{"start":{"line":175,"column":9},"end":{"line":175,"column":24}},"loc":{"start":{"line":175,"column":32},"end":{"line":178,"column":1}},"line":175},"13":{"name":"registrarVenta","decl":{"start":{"line":180,"column":15},"end":{"line":180,"column":29}},"loc":{"start":{"line":180,"column":32},"end":{"line":200,"column":1}},"line":180},"14":{"name":"exportarPDF","decl":{"start":{"line":202,"column":9},"end":{"line":202,"column":20}},"loc":{"start":{"line":202,"column":23},"end":{"line":244,"column":1}},"line":202},"15":{"name":"(anonymous_15)","decl":{"start":{"line":223,"column":38},"end":{"line":223,"column":43}},"loc":{"start":{"line":223,"column":47},"end":{"line":229,"column":5}},"line":223},"16":{"name":"(anonymous_16)","decl":{"start":{"line":4,"column":4},"end":{"line":4,"column":9}},"loc":{"start":{"line":15,"column":10},"end":{"line":106,"column":76}},"line":15},"17":{"name":"(anonymous_17)","decl":{"start":{"line":12,"column":7},"end":{"line":12,"column":null}},"loc":{"start":{"line":14,"column":6},"end":{"line":14,"column":14}},"line":14},"18":{"name":"(anonymous_18)","decl":{"start":{"line":18,"column":6},"end":{"line":18,"column":13}},"loc":{"start":{"line":25,"column":14},"end":{"line":40,"column":91}},"line":25},"19":{"name":"(anonymous_19)","decl":{"start":{"line":19,"column":8},"end":{"line":19,"column":16}},"loc":{"start":{"line":24,"column":17},"end":{"line":22,"column":104}},"line":24},"20":{"name":"(anonymous_20)","decl":{"start":{"line":20,"column":10},"end":{"line":20,"column":null}},"loc":{"start":{"line":23,"column":24},"end":{"line":22,"column":104}},"line":23},"21":{"name":"(anonymous_21)","decl":{"start":{"line":21,"column":12},"end":{"line":21,"column":17}},"loc":{"start":{"line":21,"column":54},"end":{"line":22,"column":104}},"line":21},"22":{"name":"(anonymous_22)","decl":{"start":{"line":28,"column":8},"end":{"line":28,"column":16}},"loc":{"start":{"line":33,"column":17},"end":{"line":31,"column":93}},"line":33},"23":{"name":"(anonymous_23)","decl":{"start":{"line":29,"column":10},"end":{"line":29,"column":null}},"loc":{"start":{"line":32,"column":24},"end":{"line":31,"column":93}},"line":32},"24":{"name":"(anonymous_24)","decl":{"start":{"line":30,"column":12},"end":{"line":30,"column":17}},"loc":{"start":{"line":30,"column":66},"end":{"line":31,"column":93}},"line":30},"25":{"name":"(anonymous_25)","decl":{"start":{"line":37,"column":8},"end":{"line":37,"column":16}},"loc":{"start":{"line":42,"column":17},"end":{"line":40,"column":91}},"line":42},"26":{"name":"(anonymous_26)","decl":{"start":{"line":38,"column":10},"end":{"line":38,"column":null}},"loc":{"start":{"line":41,"column":24},"end":{"line":40,"column":91}},"line":41},"27":{"name":"(anonymous_27)","decl":{"start":{"line":39,"column":12},"end":{"line":39,"column":17}},"loc":{"start":{"line":39,"column":64},"end":{"line":40,"column":91}},"line":39},"28":{"name":"(anonymous_28)","decl":{"start":{"line":47,"column":6},"end":{"line":47,"column":20}},"loc":{"start":{"line":47,"column":74},"end":{"line":106,"column":76}},"line":47},"29":{"name":"(anonymous_29)","decl":{"start":{"line":47,"column":38},"end":{"line":47,"column":59}},"loc":{"start":{"line":47,"column":59},"end":{"line":47,"column":74}},"line":47},"30":{"name":"(anonymous_30)","decl":{"start":{"line":49,"column":8},"end":{"line":49,"column":17}},"loc":{"start":{"line":88,"column":17},"end":{"line":106,"column":76}},"line":88},"31":{"name":"(anonymous_31)","decl":{"start":{"line":50,"column":10},"end":{"line":50,"column":17}},"loc":{"start":{"line":87,"column":18},"end":{"line":85,"column":22}},"line":87},"32":{"name":"(anonymous_32)","decl":{"start":{"line":51,"column":12},"end":{"line":51,"column":19}},"loc":{"start":{"line":62,"column":20},"end":{"line":85,"column":22}},"line":62},"33":{"name":"(anonymous_33)","decl":{"start":{"line":52,"column":14},"end":{"line":52,"column":null}},"loc":{"start":{"line":61,"column":16},"end":{"line":60,"column":null}},"line":61},"34":{"name":"(anonymous_34)","decl":{"start":{"line":53,"column":27},"end":{"line":53,"column":37}},"loc":{"start":{"line":53,"column":27},"end":{"line":53,"column":null}},"line":53},"35":{"name":"(anonymous_35)","decl":{"start":{"line":60,"column":27},"end":{"line":60,"column":28}},"loc":{"start":{"line":60,"column":28},"end":{"line":60,"column":null}},"line":60},"36":{"name":"(anonymous_36)","decl":{"start":{"line":64,"column":14},"end":{"line":64,"column":null}},"loc":{"start":{"line":74,"column":16},"end":{"line":70,"column":null}},"line":74},"37":{"name":"(anonymous_37)","decl":{"start":{"line":65,"column":27},"end":{"line":65,"column":37}},"loc":{"start":{"line":65,"column":27},"end":{"line":65,"column":null}},"line":65},"38":{"name":"(anonymous_38)","decl":{"start":{"line":70,"column":49},"end":{"line":70,"column":50}},"loc":{"start":{"line":70,"column":50},"end":{"line":70,"column":101}},"line":70},"39":{"name":"(anonymous_39)","decl":{"start":{"line":70,"column":101},"end":{"line":70,"column":102}},"loc":{"start":{"line":70,"column":106},"end":{"line":70,"column":null}},"line":70},"40":{"name":"(anonymous_40)","decl":{"start":{"line":77,"column":14},"end":{"line":77,"column":null}},"loc":{"start":{"line":85,"column":22},"end":{"line":85,"column":22}},"line":85},"41":{"name":"(anonymous_41)","decl":{"start":{"line":83,"column":15},"end":{"line":83,"column":null}},"loc":{"start":{"line":85,"column":14},"end":{"line":85,"column":22}},"line":85},"42":{"name":"(anonymous_42)","decl":{"start":{"line":90,"column":10},"end":{"line":90,"column":null}},"loc":{"start":{"line":97,"column":18},"end":{"line":106,"column":76}},"line":97},"43":{"name":"(anonymous_43)","decl":{"start":{"line":99,"column":41},"end":{"line":99,"column":44}},"loc":{"start":{"line":99,"column":24},"end":{"line":103,"column":58}},"line":99}},"branchMap":{"0":{"loc":{"start":{"line":136,"column":2},"end":{"line":141,"column":3}},"type":"if","locations":[{"start":{"line":136,"column":2},"end":{"line":141,"column":3}},{"start":{},"end":{}}],"line":136},"1":{"loc":{"start":{"line":158,"column":51},"end":{"line":158,"column":68}},"type":"binary-expr","locations":[{"start":{"line":158,"column":51},"end":{"line":158,"column":63}},{"start":{"line":158,"column":67},"end":{"line":158,"column":68}}],"line":158},"2":{"loc":{"start":{"line":176,"column":2},"end":{"line":176,"column":25}},"type":"if","locations":[{"start":{"line":176,"column":2},"end":{"line":176,"column":25}},{"start":{},"end":{}}],"line":176},"3":{"loc":{"start":{"line":181,"column":2},"end":{"line":181,"column":71}},"type":"if","locations":[{"start":{"line":181,"column":2},"end":{"line":181,"column":71}},{"start":{},"end":{}}],"line":181},"4":{"loc":{"start":{"line":181,"column":6},"end":{"line":181,"column":63}},"type":"binary-expr","locations":[{"start":{"line":181,"column":6},"end":{"line":181,"column":33}},{"start":{"line":181,"column":37},"end":{"line":181,"column":63}}],"line":181},"5":{"loc":{"start":{"line":196,"column":10},"end":{"line":196,"column":68}},"type":"binary-expr","locations":[{"start":{"line":196,"column":10},"end":{"line":196,"column":39}},{"start":{"line":196,"column":43},"end":{"line":196,"column":68}}],"line":196},"6":{"loc":{"start":{"line":5,"column":6},"end":{"line":7,"column":11}},"type":"binary-expr","locations":[{"start":{"line":5,"column":6},"end":{"line":5,"column":10}},{"start":{"line":5,"column":6},"end":{"line":7,"column":11}}],"line":5},"7":{"loc":{"start":{"line":14,"column":6},"end":{"line":14,"column":14}},"type":"binary-expr","locations":[{"start":{"line":14,"column":6},"end":{"line":14,"column":14}},{"start":{"line":14,"column":6},"end":{"line":14,"column":14}}],"line":14},"8":{"loc":{"start":{"line":21,"column":12},"end":{"line":21,"column":54}},"type":"binary-expr","locations":[{"start":{"line":21,"column":12},"end":{"line":21,"column":17}},{"start":{"line":21,"column":12},"end":{"line":21,"column":54}}],"line":21},"9":{"loc":{"start":{"line":30,"column":12},"end":{"line":30,"column":66}},"type":"binary-expr","locations":[{"start":{"line":30,"column":12},"end":{"line":30,"column":17}},{"start":{"line":30,"column":12},"end":{"line":30,"column":66}}],"line":30},"10":{"loc":{"start":{"line":39,"column":12},"end":{"line":39,"column":64}},"type":"binary-expr","locations":[{"start":{"line":39,"column":12},"end":{"line":39,"column":17}},{"start":{"line":39,"column":12},"end":{"line":39,"column":64}}],"line":39},"11":{"loc":{"start":{"line":47,"column":59},"end":{"line":47,"column":74}},"type":"binary-expr","locations":[{"start":{"line":47,"column":59},"end":{"line":47,"column":74}},{"start":{"line":47,"column":59},"end":{"line":47,"column":74}}],"line":47},"12":{"loc":{"start":{"line":53,"column":27},"end":{"line":53,"column":null}},"type":"binary-expr","locations":[{"start":{"line":53,"column":27},"end":{"line":53,"column":37}},{"start":{"line":53,"column":27},"end":{"line":53,"column":null}}],"line":53},"13":{"loc":{"start":{"line":60,"column":28},"end":{"line":60,"column":null}},"type":"binary-expr","locations":[{"start":{"line":60,"column":28},"end":{"line":60,"column":35}},{"start":{"line":60,"column":35},"end":{"line":60,"column":null}}],"line":60},"14":{"loc":{"start":{"line":65,"column":27},"end":{"line":65,"column":null}},"type":"binary-expr","locations":[{"start":{"line":65,"column":27},"end":{"line":65,"column":37}},{"start":{"line":65,"column":27},"end":{"line":65,"column":null}}],"line":65},"15":{"loc":{"start":{"line":70,"column":50},"end":{"line":70,"column":101}},"type":"binary-expr","locations":[{"start":{"line":70,"column":50},"end":{"line":70,"column":57}},{"start":{"line":70,"column":57},"end":{"line":70,"column":101}}],"line":70},"16":{"loc":{"start":{"line":70,"column":106},"end":{"line":70,"column":null}},"type":"binary-expr","locations":[{"start":{"line":70,"column":106},"end":{"line":70,"column":null}},{"start":{"line":70,"column":107},"end":{"line":70,"column":null}}],"line":70},"17":{"loc":{"start":{"line":85,"column":14},"end":{"line":85,"column":22}},"type":"binary-expr","locations":[{"start":{"line":85,"column":14},"end":{"line":85,"column":22}},{"start":{"line":85,"column":14},"end":{"line":85,"column":22}}],"line":85},"18":{"loc":{"start":{"line":90,"column":10},"end":{"line":95,"column":28}},"type":"binary-expr","locations":[{"start":{"line":90,"column":10},"end":{"line":90,"column":null}},{"start":{"line":90,"column":10},"end":{"line":95,"column":28}}],"line":90},"19":{"loc":{"start":{"line":105,"column":18},"end":{"line":106,"column":76}},"type":"cond-expr","locations":[{"start":{"line":105,"column":8},"end":{"line":106,"column":76}}],"line":105},"20":{"loc":{"start":{"line":107,"column":13},"end":{"line":106,"column":76}},"type":"binary-expr","locations":[{"start":{"line":107,"column":13},"end":{"line":107,"column":null}},{"start":{"line":107,"column":13},"end":{"line":106,"column":76}}],"line":107}},"s":{"0":1,"1":1,"2":1,"3":1,"4":1,"5":1,"6":1,"7":1,"8":0,"9":0,"10":0,"11":1,"12":1,"13":1,"14":0,"15":1,"16":1,"17":0,"18":1,"19":1,"20":0,"21":1,"22":1,"23":1,"24":1,"25":0,"26":1,"27":1,"28":0,"29":0,"30":0,"31":0,"32":0,"33":0,"34":0,"35":0,"36":0,"37":0,"38":0,"39":0,"40":0,"41":0,"42":0,"43":0,"44":0,"45":0,"46":0,"47":0,"48":0,"49":0,"50":0,"51":0,"52":0,"53":0,"54":0,"55":0,"56":0,"57":0,"58":0,"59":1,"60":1,"61":1,"62":1,"63":1,"64":1,"65":1,"66":1,"67":1,"68":1,"69":1,"70":1,"71":1,"72":1,"73":1,"74":1,"75":1,"76":1,"77":1,"78":1,"79":1,"80":1,"81":1,"82":0,"83":1,"84":1,"85":0,"86":1,"87":0,"88":1,"89":1,"90":1,"91":0},"f":{"0":1,"1":0,"2":0,"3":1,"4":0,"5":1,"6":0,"7":1,"8":0,"9":1,"10":1,"11":0,"12":1,"13":0,"14":0,"15":0,"16":1,"17":1,"18":1,"19":1,"20":1,"21":1,"22":1,"23":1,"24":1,"25":1,"26":1,"27":1,"28":1,"29":1,"30":1,"31":1,"32":1,"33":1,"34":0,"35":1,"36":1,"37":0,"38":1,"39":0,"40":1,"41":1,"42":1,"43":0},"b":{"0":[0,1],"1":[0,0],"2":[1,0],"3":[0,0],"4":[0,0],"5":[0,0],"6":[1,1],"7":[1,1],"8":[1,1],"9":[1,1],"10":[1,1],"11":[1,1],"12":[1,1],"13":[1,1],"14":[1,1],"15":[1,1],"16":[0,0],"17":[1,1],"18":[1,1],"19":[1],"20":[1,1]},"meta":{"lastBranch":21,"lastFunction":44,"lastStatement":92,"seen":{"s:123:17:123:32":0,"s:124:18:124:34":1,"s:126:15:126:26":2,"s:127:17:127:25":3,"s:128:17:128:25":4,"s:130:18:133:2":5,"s:135:0:142:2":6,"f:135:10:135:15":0,"b:136:2:141:3:undefined:undefined:undefined:undefined":0,"s:136:2:141:3":7,"s:137:4:140:6":8,"f:144:15:144:25":1,"s:145:2:145:84":9,"f:148:15:148:25":2,"s:149:2:149:91":10,"s:152:17:155:2":11,"f:152:27:152:28":3,"s:153:14:153:45":12,"s:154:2:154:88":13,"f:154:32:154:33":4,"s:154:37:154:87":14,"s:157:22:159:2":15,"f:157:32:157:33":5,"s:158:2:158:73":16,"f:158:32:158:33":6,"s:158:44:158:69":17,"b:158:51:158:63:158:67:158:68":1,"s:161:28:163:2":18,"f:161:38:161:39":7,"s:162:2:162:64":19,"f:162:32:162:33":8,"s:162:44:162:60":20,"s:165:26:167:2":21,"f:165:36:165:37":9,"s:166:2:166:31":22,"s:169:21:173:2":23,"f:169:31:169:32":10,"s:170:2:172:17":24,"f:171:10:171:11":11,"s:171:20:171:65":25,"f:175:9:175:24":12,"b:176:2:176:25:undefined:undefined:undefined:undefined":2,"s:176:2:176:25":26,"s:176:14:176:25":27,"s:177:2:177:93":28,"f:180:15:180:29":13,"b:181:2:181:71:undefined:undefined:undefined:undefined":3,"s:181:2:181:71":29,"b:181:6:181:33:181:37:181:63":4,"s:181:65:181:71":30,"s:183:2:183:22":31,"s:184:2:199:3":32,"s:185:4:189:6":33,"s:190:4:190:42":34,"s:191:4:191:37":35,"s:192:4:192:36":36,"s:193:4:193:51":37,"s:195:4:195:51":38,"s:196:4:196:69":39,"b:196:10:196:39:196:43:196:68":5,"s:198:4:198:25":40,"f:202:9:202:20":14,"s:203:2:243:3":41,"s:204:16:204:27":42,"s:207:4:207:23":43,"s:208:4:208:48":44,"s:211:4:211:23":45,"s:212:4:212:25":46,"s:213:4:213:72":47,"s:216:4:216:23":48,"s:217:4:217:73":49,"s:218:4:218:73":50,"s:219:4:219:81":51,"s:222:21:222:69":52,"s:223:18:229:6":53,"f:223:38:223:43":15,"s:223:47:229:5":54,"s:231:3:237:6":55,"s:239:4:239:89":56,"s:241:4:241:49":57,"s:242:4:242:51":58,"s:4:9:4:Infinity":59,"s:22:17:22:64":60,"s:31:17:31:64":61,"s:40:17:40:64":62,"s:3:2:106:76":63,"f:4:4:4:9":16,"s:15:10:106:76":64,"b:5:6:5:10:5:6:7:11":6,"f:12:7:12:Infinity":17,"s:14:6:14:14":65,"b:14:6:14:14:14:6:14:14":7,"f:18:6:18:13":18,"s:25:14:40:91":66,"f:19:8:19:16":19,"s:24:17:22:104":67,"f:20:10:20:Infinity":20,"s:23:24:22:104":68,"f:21:12:21:17":21,"s:21:54:22:104":69,"b:21:12:21:17:21:12:21:54":8,"f:28:8:28:16":22,"s:33:17:31:93":70,"f:29:10:29:Infinity":23,"s:32:24:31:93":71,"f:30:12:30:17":24,"s:30:66:31:93":72,"b:30:12:30:17:30:12:30:66":9,"f:37:8:37:16":25,"s:42:17:40:91":73,"f:38:10:38:Infinity":26,"s:41:24:40:91":74,"f:39:12:39:17":27,"s:39:64:40:91":75,"b:39:12:39:17:39:12:39:64":10,"f:47:6:47:20":28,"s:47:74:106:76":76,"f:47:38:47:59":29,"s:47:59:47:74":77,"b:47:59:47:74:47:59:47:74":11,"f:49:8:49:17":30,"s:88:17:106:76":78,"f:50:10:50:17":31,"s:87:18:85:22":79,"f:51:12:51:19":32,"s:62:20:85:22":80,"f:52:14:52:Infinity":33,"s:61:16:60:Infinity":81,"b:53:27:53:37:53:27:53:Infinity":12,"f:53:27:53:37":34,"s:53:27:53:Infinity":82,"f:60:27:60:28":35,"s:60:28:60:Infinity":83,"b:60:28:60:35:60:35:60:Infinity":13,"f:64:14:64:Infinity":36,"s:74:16:70:Infinity":84,"b:65:27:65:37:65:27:65:Infinity":14,"f:65:27:65:37":37,"s:65:27:65:Infinity":85,"f:70:49:70:50":38,"s:70:50:70:101":86,"b:70:50:70:57:70:57:70:101":15,"f:70:101:70:102":39,"s:70:106:70:Infinity":87,"b:70:106:70:Infinity:70:107:70:Infinity":16,"f:77:14:77:Infinity":40,"s:85:22:85:22":88,"f:83:15:83:Infinity":41,"s:85:14:85:22":89,"b:85:14:85:22:85:14:85:22":17,"f:90:10:90:Infinity":42,"s:97:18:106:76":90,"b:90:10:90:Infinity:90:10:95:28":18,"f:99:41:99:44":43,"s:99:8:103:58":91,"b:105:8:106:76":19,"b:107:13:107:Infinity:107:13:106:76":20},"fnNames":{}}}
}
